<?xml version="1.0" encoding="UTF-8" ?>
<testsuite tests="6" failures="2" name="com.saucelabs.example.TestSetup" time="342.884" errors="0" skipped="2">
  <properties>
    <property name="java.runtime.name" value="Java(TM) SE Runtime Environment"/>
    <property name="java.vm.version" value="11.0.2+9-LTS"/>
    <property name="sun.boot.library.path" value="/Library/Java/JavaVirtualMachines/jdk-11.0.2.jdk/Contents/Home/lib"/>
    <property name="gopherProxySet" value="false"/>
    <property name="maven.multiModuleProjectDirectory" value="/Users/ianflanagan/Workspace/RDCJavaAndroid"/>
    <property name="java.vm.vendor" value="Oracle Corporation"/>
    <property name="java.vendor.url" value="http://java.oracle.com/"/>
    <property name="guice.disable.misplaced.annotation.check" value="true"/>
    <property name="path.separator" value=":"/>
    <property name="java.vm.name" value="Java HotSpot(TM) 64-Bit Server VM"/>
    <property name="sun.os.patch.level" value="unknown"/>
    <property name="user.country" value="US"/>
    <property name="sun.java.launcher" value="SUN_STANDARD"/>
    <property name="java.vm.specification.name" value="Java Virtual Machine Specification"/>
    <property name="user.dir" value="/Users/ianflanagan/Workspace/RDCJavaAndroid"/>
    <property name="java.vm.compressedOopsMode" value="Zero based"/>
    <property name="java.runtime.version" value="11.0.2+9-LTS"/>
    <property name="java.awt.graphicsenv" value="sun.awt.CGraphicsEnvironment"/>
    <property name="os.arch" value="x86_64"/>
    <property name="java.io.tmpdir" value="/var/folders/pt/w20sbht90qs1058r2q4gnqr80000gq/T/"/>
    <property name="line.separator" value="
"/>
    <property name="java.vm.specification.vendor" value="Oracle Corporation"/>
    <property name="os.name" value="Mac OS X"/>
    <property name="classworlds.conf" value="/Users/ianflanagan/Workspace/.metadata/.plugins/org.eclipse.m2e.launching/launches/m2conf10111225653979899972.tmp"/>
    <property name="sun.jnu.encoding" value="UTF-8"/>
    <property name="java.library.path" value="/Users/ianflanagan/Library/Java/Extensions:/Library/Java/Extensions:/Network/Library/Java/Extensions:/System/Library/Java/Extensions:/usr/lib/java:."/>
    <property name="jdk.debug" value="release"/>
    <property name="java.class.version" value="55.0"/>
    <property name="java.specification.name" value="Java Platform API Specification"/>
    <property name="sun.management.compiler" value="HotSpot 64-Bit Tiered Compilers"/>
    <property name="os.version" value="10.14"/>
    <property name="http.nonProxyHosts" value="local|*.local|169.254/16|*.169.254/16"/>
    <property name="user.home" value="/Users/ianflanagan"/>
    <property name="user.timezone" value="America/Chicago"/>
    <property name="java.awt.printerjob" value="sun.lwawt.macosx.CPrinterJob"/>
    <property name="file.encoding" value="UTF-8"/>
    <property name="java.specification.version" value="11"/>
    <property name="user.name" value="ianflanagan"/>
    <property name="java.class.path" value="/Users/ianflanagan/.p2/pool/plugins/org.eclipse.m2e.maven.runtime_1.10.0.20181127-2120/jars/plexus-classworlds-2.5.2.jar"/>
    <property name="java.vm.specification.version" value="11"/>
    <property name="sun.arch.data.model" value="64"/>
    <property name="sun.java.command" value="org.codehaus.plexus.classworlds.launcher.Launcher -B clean test"/>
    <property name="java.home" value="/Library/Java/JavaVirtualMachines/jdk-11.0.2.jdk/Contents/Home"/>
    <property name="user.language" value="en"/>
    <property name="java.specification.vendor" value="Oracle Corporation"/>
    <property name="awt.toolkit" value="sun.lwawt.macosx.LWCToolkit"/>
    <property name="java.vm.info" value="mixed mode"/>
    <property name="java.version" value="11.0.2"/>
    <property name="java.vendor" value="Oracle Corporation"/>
    <property name="maven.home" value="/Users/ianflanagan/Workspace/RDCJavaAndroid/EMBEDDED"/>
    <property name="file.separator" value="/"/>
    <property name="java.version.date" value="2019-01-15"/>
    <property name="java.vendor.url.bug" value="http://bugreport.java.com/bugreport/"/>
    <property name="sun.io.unicode.encoding" value="UnicodeBig"/>
    <property name="sun.cpu.endian" value="little"/>
    <property name="java.vendor.version" value="18.9"/>
    <property name="socksNonProxyHosts" value="local|*.local|169.254/16|*.169.254/16"/>
    <property name="ftp.nonProxyHosts" value="local|*.local|169.254/16|*.169.254/16"/>
    <property name="sun.cpu.isalist" value=""/>
  </properties>
  <testcase classname="com.saucelabs.example.TestSetup" name="AndroidAddFunctionDemo" time="42.482">
    <failure message="An element could not be located on the page using the given search parameters. (WARNING: The server did not provide any stacktrace information)
Command duration or timeout: 1.06 seconds
For documentation on this error, please visit: http://seleniumhq.org/exceptions/no_such_element.html
Build info: version: &apos;2.53.1&apos;, revision: &apos;a36b8b1cd5757287168e54b817830adce9b0158d&apos;, time: &apos;2016-06-30 19:26:09&apos;
System info: host: &apos;SL-1155.attlocal.net&apos;, ip: &apos;192.168.1.104&apos;, os.name: &apos;Mac OS X&apos;, os.arch: &apos;x86_64&apos;, os.version: &apos;10.14&apos;, java.version: &apos;11.0.2&apos;
Driver info: io.appium.java_client.android.AndroidDriver
Capabilities [{suppressKillServer=true, appPackage=net.ludeke.calculator, testobject_user_id=se-team, testobject_platform_name=Android, testobject_test_report_url=https://app.testobject.com/#/se-team/calculator/appium/executions/2249, testobject_device_name=Google Pixel, testobject_device_session_id=56b81242-746f-4624-968c-2055d5187df6, deviceName=FA6950303818, platform=LINUX, deviceUDID=FA6950303818, testobject_test_report_id=2249, desired={suppressKillServer=true, appPackage=net.ludeke.calculator, testobject_platform_name=Android, testobject_test_name=AndroidAddFunctionDemo, testobject_device=Google Pixel, adbPort=15010, deviceName=Google_Pixel_8_real_us, appActivity=com.android.calculator2.Calculator, chromedriverChromeMappingFile=/root/.testobject_devices/work/chromedriver-mapping.json, name=AndroidAddFunctionDemo, testobject_api_key=D7348099E5FC44458E807282AF87FDB4, platformName=Android, chromedriverExecutableDir=/root/.testobject_devices/work/chromedrivers, systemPort=8210}, platformVersion=9, webStorageEnabled=false, takesScreenshot=true, javascriptEnabled=true, platformName=Android, deviceManufacturer=Google, chromedriverExecutableDir=/root/.testobject_devices/work/chromedrivers, systemPort=8210, deviceScreenSize=1080x1920, deviceContextId=a2696bd2-8d90-42a9-9daf-755832335005, networkConnectionEnabled=true, testobject_test_name=AndroidAddFunctionDemo, warnings={}, testobject_device=Google_Pixel_8_real_us, databaseEnabled=false, adbPort=15010, testobject_project_id=calculator, appActivity=com.android.calculator2.Calculator, testobject_test_report_api_url=https://app.testobject.com/api/rest/v2/reports/2249, chromedriverChromeMappingFile=/root/.testobject_devices/work/chromedriver-mapping.json, locationContextEnabled=false, name=AndroidAddFunctionDemo, testobject_api_key=D7348099E5FC44458E807282AF87FDB4, deviceModel=Pixel, testobject_test_live_view_url=https://app.testobject.com/#/se-team/calculator/appium/view/2249?dc=US}]
Session ID: eaca7c0c-14a5-45db-b36b-cdf8b11225ea
*** Element info: {Using=id, value=net.ludeke.calculator:id/digit2}" type="org.openqa.selenium.NoSuchElementException">org.openqa.selenium.NoSuchElementException: An element could not be located on the page using the given search parameters. (WARNING: The server did not provide any stacktrace information)
Command duration or timeout: 1.06 seconds
For documentation on this error, please visit: http://seleniumhq.org/exceptions/no_such_element.html
Build info: version: &apos;2.53.1&apos;, revision: &apos;a36b8b1cd5757287168e54b817830adce9b0158d&apos;, time: &apos;2016-06-30 19:26:09&apos;
System info: host: &apos;SL-1155.attlocal.net&apos;, ip: &apos;192.168.1.104&apos;, os.name: &apos;Mac OS X&apos;, os.arch: &apos;x86_64&apos;, os.version: &apos;10.14&apos;, java.version: &apos;11.0.2&apos;
Driver info: io.appium.java_client.android.AndroidDriver
Capabilities [{suppressKillServer=true, appPackage=net.ludeke.calculator, testobject_user_id=se-team, testobject_platform_name=Android, testobject_test_report_url=https://app.testobject.com/#/se-team/calculator/appium/executions/2249, testobject_device_name=Google Pixel, testobject_device_session_id=56b81242-746f-4624-968c-2055d5187df6, deviceName=FA6950303818, platform=LINUX, deviceUDID=FA6950303818, testobject_test_report_id=2249, desired={suppressKillServer=true, appPackage=net.ludeke.calculator, testobject_platform_name=Android, testobject_test_name=AndroidAddFunctionDemo, testobject_device=Google Pixel, adbPort=15010, deviceName=Google_Pixel_8_real_us, appActivity=com.android.calculator2.Calculator, chromedriverChromeMappingFile=/root/.testobject_devices/work/chromedriver-mapping.json, name=AndroidAddFunctionDemo, testobject_api_key=D7348099E5FC44458E807282AF87FDB4, platformName=Android, chromedriverExecutableDir=/root/.testobject_devices/work/chromedrivers, systemPort=8210}, platformVersion=9, webStorageEnabled=false, takesScreenshot=true, javascriptEnabled=true, platformName=Android, deviceManufacturer=Google, chromedriverExecutableDir=/root/.testobject_devices/work/chromedrivers, systemPort=8210, deviceScreenSize=1080x1920, deviceContextId=a2696bd2-8d90-42a9-9daf-755832335005, networkConnectionEnabled=true, testobject_test_name=AndroidAddFunctionDemo, warnings={}, testobject_device=Google_Pixel_8_real_us, databaseEnabled=false, adbPort=15010, testobject_project_id=calculator, appActivity=com.android.calculator2.Calculator, testobject_test_report_api_url=https://app.testobject.com/api/rest/v2/reports/2249, chromedriverChromeMappingFile=/root/.testobject_devices/work/chromedriver-mapping.json, locationContextEnabled=false, name=AndroidAddFunctionDemo, testobject_api_key=D7348099E5FC44458E807282AF87FDB4, deviceModel=Pixel, testobject_test_live_view_url=https://app.testobject.com/#/se-team/calculator/appium/view/2249?dc=US}]
Session ID: eaca7c0c-14a5-45db-b36b-cdf8b11225ea
*** Element info: {Using=id, value=net.ludeke.calculator:id/digit2}
	at java.base/jdk.internal.reflect.NativeConstructorAccessorImpl.newInstance0(Native Method)
	at java.base/jdk.internal.reflect.NativeConstructorAccessorImpl.newInstance(NativeConstructorAccessorImpl.java:62)
	at java.base/jdk.internal.reflect.DelegatingConstructorAccessorImpl.newInstance(DelegatingConstructorAccessorImpl.java:45)
	at java.base/java.lang.reflect.Constructor.newInstance(Constructor.java:490)
	at org.openqa.selenium.remote.ErrorHandler.createThrowable(ErrorHandler.java:206)
	at org.openqa.selenium.remote.ErrorHandler.throwIfResponseFailed(ErrorHandler.java:158)
	at org.openqa.selenium.remote.RemoteWebDriver.execute(RemoteWebDriver.java:678)
	at io.appium.java_client.DefaultGenericMobileDriver.execute(DefaultGenericMobileDriver.java:40)
	at io.appium.java_client.AppiumDriver.execute(AppiumDriver.java:1)
	at io.appium.java_client.android.AndroidDriver.execute(AndroidDriver.java:1)
	at org.openqa.selenium.remote.RemoteWebDriver.findElement(RemoteWebDriver.java:363)
	at io.appium.java_client.DefaultGenericMobileDriver.findElement(DefaultGenericMobileDriver.java:56)
	at io.appium.java_client.AppiumDriver.findElement(AppiumDriver.java:1)
	at io.appium.java_client.android.AndroidDriver.findElement(AndroidDriver.java:1)
	at org.openqa.selenium.remote.RemoteWebDriver.findElementById(RemoteWebDriver.java:413)
	at io.appium.java_client.DefaultGenericMobileDriver.findElementById(DefaultGenericMobileDriver.java:64)
	at io.appium.java_client.AppiumDriver.findElementById(AppiumDriver.java:1)
	at io.appium.java_client.android.AndroidDriver.findElementById(AndroidDriver.java:1)
	at org.openqa.selenium.By$ById.findElement(By.java:218)
	at org.openqa.selenium.remote.RemoteWebDriver.findElement(RemoteWebDriver.java:355)
	at io.appium.java_client.DefaultGenericMobileDriver.findElement(DefaultGenericMobileDriver.java:52)
	at io.appium.java_client.AppiumDriver.findElement(AppiumDriver.java:1)
	at io.appium.java_client.android.AndroidDriver.findElement(AndroidDriver.java:1)
	at com.saucelabs.example.TestSetup.AndroidAddFunctionDemo(TestSetup.java:73)
</failure>
    <system-out>Configuring TestNG with: org.apache.maven.surefire.testng.conf.TestNG652Configurator@2a17b7b6
</system-out>
  </testcase>
  <testcase classname="com.saucelabs.example.TestSetup" name="tearDown" time="43.888">
    <failure message="javax/xml/bind/annotation/XmlElement" type="javax.ws.rs.ProcessingException">javax.ws.rs.ProcessingException: javax/xml/bind/annotation/XmlElement
	at org.glassfish.jersey.client.ClientRuntime.invoke(ClientRuntime.java:261)
	at org.glassfish.jersey.client.JerseyInvocation$1.call(JerseyInvocation.java:684)
	at org.glassfish.jersey.client.JerseyInvocation$1.call(JerseyInvocation.java:681)
	at org.glassfish.jersey.internal.Errors.process(Errors.java:315)
	at org.glassfish.jersey.internal.Errors.process(Errors.java:297)
	at org.glassfish.jersey.internal.Errors.process(Errors.java:228)
	at org.glassfish.jersey.process.internal.RequestScope.runInScope(RequestScope.java:444)
	at org.glassfish.jersey.client.JerseyInvocation.invoke(JerseyInvocation.java:681)
	at org.glassfish.jersey.client.JerseyInvocation$Builder.method(JerseyInvocation.java:437)
	at org.glassfish.jersey.client.JerseyInvocation$Builder.put(JerseyInvocation.java:326)
	at com.saucelabs.example.util.ResultReporter.saveTestStatus(ResultReporter.java:25)
	at com.saucelabs.example.TestSetup.tearDown(TestSetup.java:97)
Caused by: java.lang.NoClassDefFoundError: javax/xml/bind/annotation/XmlElement
	at com.fasterxml.jackson.module.jaxb.JaxbAnnotationIntrospector.&lt;init&gt;(JaxbAnnotationIntrospector.java:139)
	at com.fasterxml.jackson.module.jaxb.JaxbAnnotationIntrospector.&lt;init&gt;(JaxbAnnotationIntrospector.java:126)
	at com.fasterxml.jackson.module.jaxb.JaxbAnnotationIntrospector.&lt;init&gt;(JaxbAnnotationIntrospector.java:118)
	at java.base/jdk.internal.reflect.NativeConstructorAccessorImpl.newInstance0(Native Method)
	at java.base/jdk.internal.reflect.NativeConstructorAccessorImpl.newInstance(NativeConstructorAccessorImpl.java:62)
	at java.base/jdk.internal.reflect.DelegatingConstructorAccessorImpl.newInstance(DelegatingConstructorAccessorImpl.java:45)
	at java.base/java.lang.reflect.Constructor.newInstance(Constructor.java:490)
	at java.base/java.lang.Class.newInstance(Class.java:584)
	at com.fasterxml.jackson.jaxrs.json.JsonMapperConfigurator._resolveIntrospector(JsonMapperConfigurator.java:111)
	at com.fasterxml.jackson.jaxrs.json.JsonMapperConfigurator._resolveIntrospectors(JsonMapperConfigurator.java:84)
	at com.fasterxml.jackson.jaxrs.cfg.MapperConfiguratorBase._setAnnotations(MapperConfiguratorBase.java:120)
	at com.fasterxml.jackson.jaxrs.json.JsonMapperConfigurator.getDefaultMapper(JsonMapperConfigurator.java:45)
	at com.fasterxml.jackson.jaxrs.base.ProviderBase.locateMapper(ProviderBase.java:925)
	at com.fasterxml.jackson.jaxrs.base.ProviderBase._endpointForWriting(ProviderBase.java:686)
	at com.fasterxml.jackson.jaxrs.base.ProviderBase.writeTo(ProviderBase.java:558)
	at org.glassfish.jersey.message.internal.WriterInterceptorExecutor$TerminalWriterInterceptor.invokeWriteTo(WriterInterceptorExecutor.java:265)
	at org.glassfish.jersey.message.internal.WriterInterceptorExecutor$TerminalWriterInterceptor.aroundWriteTo(WriterInterceptorExecutor.java:250)
	at org.glassfish.jersey.message.internal.WriterInterceptorExecutor.proceed(WriterInterceptorExecutor.java:162)
	at org.glassfish.jersey.message.internal.MessageBodyFactory.writeTo(MessageBodyFactory.java:1130)
	at org.glassfish.jersey.client.ClientRequest.doWriteEntity(ClientRequest.java:517)
	at org.glassfish.jersey.client.ClientRequest.writeEntity(ClientRequest.java:499)
	at org.glassfish.jersey.client.internal.HttpUrlConnector._apply(HttpUrlConnector.java:393)
	at org.glassfish.jersey.client.internal.HttpUrlConnector.apply(HttpUrlConnector.java:285)
	at org.glassfish.jersey.client.ClientRuntime.invoke(ClientRuntime.java:252)
	... 28 more
Caused by: java.lang.ClassNotFoundException: javax.xml.bind.annotation.XmlElement
	at java.base/jdk.internal.loader.BuiltinClassLoader.loadClass(BuiltinClassLoader.java:583)
	at java.base/jdk.internal.loader.ClassLoaders$AppClassLoader.loadClass(ClassLoaders.java:178)
	at java.base/java.lang.ClassLoader.loadClass(ClassLoader.java:521)
	... 52 more
</failure>
    <system-err>Feb 06, 2019 5:47:59 PM org.glassfish.jersey.internal.Errors logErrors
WARNING: The following warnings have been detected: WARNING: HK2 service reification failed for [org.glassfish.jersey.message.internal.DataSourceProvider] with an exception:
MultiException stack 1 of 2
java.lang.NoClassDefFoundError: javax/activation/DataSource
	at java.base/java.lang.Class.getDeclaredConstructors0(Native Method)
	at java.base/java.lang.Class.privateGetDeclaredConstructors(Class.java:3138)
	at java.base/java.lang.Class.getDeclaredConstructors(Class.java:2358)
	at org.jvnet.hk2.internal.Utilities$3.run(Utilities.java:1308)
	at org.jvnet.hk2.internal.Utilities$3.run(Utilities.java:1304)
	at java.base/java.security.AccessController.doPrivileged(Native Method)
	at org.jvnet.hk2.internal.Utilities.getAllConstructors(Utilities.java:1304)
	at org.jvnet.hk2.internal.Utilities.findProducerConstructor(Utilities.java:1247)
	at org.jvnet.hk2.internal.DefaultClassAnalyzer.getConstructor(DefaultClassAnalyzer.java:83)
	at org.glassfish.jersey.internal.inject.JerseyClassAnalyzer.getConstructor(JerseyClassAnalyzer.java:144)
	at org.jvnet.hk2.internal.Utilities.getConstructor(Utilities.java:178)
	at org.jvnet.hk2.internal.ClazzCreator.initialize(ClazzCreator.java:129)
	at org.jvnet.hk2.internal.ClazzCreator.initialize(ClazzCreator.java:180)
	at org.jvnet.hk2.internal.SystemDescriptor.internalReify(SystemDescriptor.java:740)
	at org.jvnet.hk2.internal.SystemDescriptor.reify(SystemDescriptor.java:694)
	at org.jvnet.hk2.internal.ServiceLocatorImpl.reifyDescriptor(ServiceLocatorImpl.java:461)
	at org.jvnet.hk2.internal.ServiceLocatorImpl.narrow(ServiceLocatorImpl.java:2288)
	at org.jvnet.hk2.internal.ServiceLocatorImpl.access$1200(ServiceLocatorImpl.java:125)
	at org.jvnet.hk2.internal.ServiceLocatorImpl$9.compute(ServiceLocatorImpl.java:1373)
	at org.jvnet.hk2.internal.ServiceLocatorImpl$9.compute(ServiceLocatorImpl.java:1368)
	at org.glassfish.hk2.utilities.cache.internal.WeakCARCacheImpl.compute(WeakCARCacheImpl.java:116)
	at org.jvnet.hk2.internal.ServiceLocatorImpl.internalGetAllServiceHandles(ServiceLocatorImpl.java:1430)
	at org.jvnet.hk2.internal.ServiceLocatorImpl.getAllServiceHandles(ServiceLocatorImpl.java:1355)
	at org.jvnet.hk2.internal.ServiceLocatorImpl.getAllServiceHandles(ServiceLocatorImpl.java:1344)
	at org.glassfish.jersey.internal.inject.Providers.getServiceHandles(Providers.java:354)
	at org.glassfish.jersey.internal.inject.Providers.getCustomProviders(Providers.java:201)
	at org.glassfish.jersey.message.internal.MessageBodyFactory.&lt;init&gt;(MessageBodyFactory.java:221)
	at java.base/jdk.internal.reflect.NativeConstructorAccessorImpl.newInstance0(Native Method)
	at java.base/jdk.internal.reflect.NativeConstructorAccessorImpl.newInstance(NativeConstructorAccessorImpl.java:62)
	at java.base/jdk.internal.reflect.DelegatingConstructorAccessorImpl.newInstance(DelegatingConstructorAccessorImpl.java:45)
	at java.base/java.lang.reflect.Constructor.newInstance(Constructor.java:490)
	at org.glassfish.hk2.utilities.reflection.ReflectionHelper.makeMe(ReflectionHelper.java:1375)
	at org.jvnet.hk2.internal.ClazzCreator.createMe(ClazzCreator.java:272)
	at org.jvnet.hk2.internal.ClazzCreator.create(ClazzCreator.java:366)
	at org.jvnet.hk2.internal.SystemDescriptor.create(SystemDescriptor.java:487)
	at org.jvnet.hk2.internal.SingletonContext$1.compute(SingletonContext.java:83)
	at org.jvnet.hk2.internal.SingletonContext$1.compute(SingletonContext.java:71)
	at org.glassfish.hk2.utilities.cache.Cache$OriginThreadAwareFuture$1.call(Cache.java:97)
	at java.base/java.util.concurrent.FutureTask.run(FutureTask.java:264)
	at org.glassfish.hk2.utilities.cache.Cache$OriginThreadAwareFuture.run(Cache.java:154)
	at org.glassfish.hk2.utilities.cache.Cache.compute(Cache.java:199)
	at org.jvnet.hk2.internal.SingletonContext.findOrCreate(SingletonContext.java:122)
	at org.jvnet.hk2.internal.Utilities.createService(Utilities.java:2022)
	at org.jvnet.hk2.internal.ServiceLocatorImpl.internalGetService(ServiceLocatorImpl.java:774)
	at org.jvnet.hk2.internal.ServiceLocatorImpl.getUnqualifiedService(ServiceLocatorImpl.java:786)
	at org.jvnet.hk2.internal.IterableProviderImpl.get(IterableProviderImpl.java:111)
	at org.glassfish.jersey.client.RequestProcessingInitializationStage.apply(RequestProcessingInitializationStage.java:97)
	at org.glassfish.jersey.client.RequestProcessingInitializationStage.apply(RequestProcessingInitializationStage.java:67)
	at org.glassfish.jersey.process.internal.Stages$LinkedStage.apply(Stages.java:308)
	at org.glassfish.jersey.process.internal.Stages.process(Stages.java:171)
	at org.glassfish.jersey.client.ClientRuntime.invoke(ClientRuntime.java:252)
	at org.glassfish.jersey.client.JerseyInvocation$1.call(JerseyInvocation.java:684)
	at org.glassfish.jersey.client.JerseyInvocation$1.call(JerseyInvocation.java:681)
	at org.glassfish.jersey.internal.Errors.process(Errors.java:315)
	at org.glassfish.jersey.internal.Errors.process(Errors.java:297)
	at org.glassfish.jersey.internal.Errors.process(Errors.java:228)
	at org.glassfish.jersey.process.internal.RequestScope.runInScope(RequestScope.java:444)
	at org.glassfish.jersey.client.JerseyInvocation.invoke(JerseyInvocation.java:681)
	at org.glassfish.jersey.client.JerseyInvocation$Builder.method(JerseyInvocation.java:437)
	at org.glassfish.jersey.client.JerseyInvocation$Builder.put(JerseyInvocation.java:326)
	at com.saucelabs.example.util.ResultReporter.saveTestStatus(ResultReporter.java:25)
	at com.saucelabs.example.TestSetup.tearDown(TestSetup.java:97)
	at java.base/jdk.internal.reflect.NativeMethodAccessorImpl.invoke0(Native Method)
	at java.base/jdk.internal.reflect.NativeMethodAccessorImpl.invoke(NativeMethodAccessorImpl.java:62)
	at java.base/jdk.internal.reflect.DelegatingMethodAccessorImpl.invoke(DelegatingMethodAccessorImpl.java:43)
	at java.base/java.lang.reflect.Method.invoke(Method.java:566)
	at org.testng.internal.MethodInvocationHelper.invokeMethod(MethodInvocationHelper.java:104)
	at org.testng.internal.Invoker.invokeConfigurationMethod(Invoker.java:515)
	at org.testng.internal.Invoker.invokeConfigurations(Invoker.java:217)
	at org.testng.internal.Invoker.invokeMethod(Invoker.java:712)
	at org.testng.internal.Invoker.invokeTestMethod(Invoker.java:851)
	at org.testng.internal.TestMethodWithDataProviderMethodWorker.call(TestMethodWithDataProviderMethodWorker.java:75)
	at org.testng.internal.TestMethodWithDataProviderMethodWorker.call(TestMethodWithDataProviderMethodWorker.java:14)
	at java.base/java.util.concurrent.FutureTask.run(FutureTask.java:264)
	at java.base/java.util.concurrent.Executors$RunnableAdapter.call(Executors.java:515)
	at java.base/java.util.concurrent.FutureTask.run(FutureTask.java:264)
	at java.base/java.util.concurrent.ThreadPoolExecutor.runWorker(ThreadPoolExecutor.java:1128)
	at java.base/java.util.concurrent.ThreadPoolExecutor$Worker.run(ThreadPoolExecutor.java:628)
	at java.base/java.lang.Thread.run(Thread.java:834)
Caused by: java.lang.ClassNotFoundException: javax.activation.DataSource
	at java.base/jdk.internal.loader.BuiltinClassLoader.loadClass(BuiltinClassLoader.java:583)
	at java.base/jdk.internal.loader.ClassLoaders$AppClassLoader.loadClass(ClassLoaders.java:178)
	at java.base/java.lang.ClassLoader.loadClass(ClassLoader.java:521)
	... 79 more
MultiException stack 2 of 2
java.lang.IllegalArgumentException: Errors were discovered while reifying SystemDescriptor(
	implementation=org.glassfish.jersey.message.internal.DataSourceProvider
	contracts={javax.ws.rs.ext.MessageBodyReader,javax.ws.rs.ext.MessageBodyWriter}
	scope=javax.inject.Singleton
	qualifiers={}
	descriptorType=CLASS
	descriptorVisibility=NORMAL
	metadata=
	rank=0
	loader=org.glassfish.hk2.utilities.binding.AbstractBinder$2@db27473
	proxiable=null
	proxyForSameScope=null
	analysisName=null
	id=12
	locatorId=1
	identityHashCode=1948590554
	reified=false)
	at org.jvnet.hk2.internal.SystemDescriptor.reify(SystemDescriptor.java:705)
	at org.jvnet.hk2.internal.ServiceLocatorImpl.reifyDescriptor(ServiceLocatorImpl.java:461)
	at org.jvnet.hk2.internal.ServiceLocatorImpl.narrow(ServiceLocatorImpl.java:2288)
	at org.jvnet.hk2.internal.ServiceLocatorImpl.access$1200(ServiceLocatorImpl.java:125)
	at org.jvnet.hk2.internal.ServiceLocatorImpl$9.compute(ServiceLocatorImpl.java:1373)
	at org.jvnet.hk2.internal.ServiceLocatorImpl$9.compute(ServiceLocatorImpl.java:1368)
	at org.glassfish.hk2.utilities.cache.internal.WeakCARCacheImpl.compute(WeakCARCacheImpl.java:116)
	at org.jvnet.hk2.internal.ServiceLocatorImpl.internalGetAllServiceHandles(ServiceLocatorImpl.java:1430)
	at org.jvnet.hk2.internal.ServiceLocatorImpl.getAllServiceHandles(ServiceLocatorImpl.java:1355)
	at org.jvnet.hk2.internal.ServiceLocatorImpl.getAllServiceHandles(ServiceLocatorImpl.java:1344)
	at org.glassfish.jersey.internal.inject.Providers.getServiceHandles(Providers.java:354)
	at org.glassfish.jersey.internal.inject.Providers.getCustomProviders(Providers.java:201)
	at org.glassfish.jersey.message.internal.MessageBodyFactory.&lt;init&gt;(MessageBodyFactory.java:221)
	at java.base/jdk.internal.reflect.NativeConstructorAccessorImpl.newInstance0(Native Method)
	at java.base/jdk.internal.reflect.NativeConstructorAccessorImpl.newInstance(NativeConstructorAccessorImpl.java:62)
	at java.base/jdk.internal.reflect.DelegatingConstructorAccessorImpl.newInstance(DelegatingConstructorAccessorImpl.java:45)
	at java.base/java.lang.reflect.Constructor.newInstance(Constructor.java:490)
	at org.glassfish.hk2.utilities.reflection.ReflectionHelper.makeMe(ReflectionHelper.java:1375)
	at org.jvnet.hk2.internal.ClazzCreator.createMe(ClazzCreator.java:272)
	at org.jvnet.hk2.internal.ClazzCreator.create(ClazzCreator.java:366)
	at org.jvnet.hk2.internal.SystemDescriptor.create(SystemDescriptor.java:487)
	at org.jvnet.hk2.internal.SingletonContext$1.compute(SingletonContext.java:83)
	at org.jvnet.hk2.internal.SingletonContext$1.compute(SingletonContext.java:71)
	at org.glassfish.hk2.utilities.cache.Cache$OriginThreadAwareFuture$1.call(Cache.java:97)
	at java.base/java.util.concurrent.FutureTask.run(FutureTask.java:264)
	at org.glassfish.hk2.utilities.cache.Cache$OriginThreadAwareFuture.run(Cache.java:154)
	at org.glassfish.hk2.utilities.cache.Cache.compute(Cache.java:199)
	at org.jvnet.hk2.internal.SingletonContext.findOrCreate(SingletonContext.java:122)
	at org.jvnet.hk2.internal.Utilities.createService(Utilities.java:2022)
	at org.jvnet.hk2.internal.ServiceLocatorImpl.internalGetService(ServiceLocatorImpl.java:774)
	at org.jvnet.hk2.internal.ServiceLocatorImpl.getUnqualifiedService(ServiceLocatorImpl.java:786)
	at org.jvnet.hk2.internal.IterableProviderImpl.get(IterableProviderImpl.java:111)
	at org.glassfish.jersey.client.RequestProcessingInitializationStage.apply(RequestProcessingInitializationStage.java:97)
	at org.glassfish.jersey.client.RequestProcessingInitializationStage.apply(RequestProcessingInitializationStage.java:67)
	at org.glassfish.jersey.process.internal.Stages$LinkedStage.apply(Stages.java:308)
	at org.glassfish.jersey.process.internal.Stages.process(Stages.java:171)
	at org.glassfish.jersey.client.ClientRuntime.invoke(ClientRuntime.java:252)
	at org.glassfish.jersey.client.JerseyInvocation$1.call(JerseyInvocation.java:684)
	at org.glassfish.jersey.client.JerseyInvocation$1.call(JerseyInvocation.java:681)
	at org.glassfish.jersey.internal.Errors.process(Errors.java:315)
	at org.glassfish.jersey.internal.Errors.process(Errors.java:297)
	at org.glassfish.jersey.internal.Errors.process(Errors.java:228)
	at org.glassfish.jersey.process.internal.RequestScope.runInScope(RequestScope.java:444)
	at org.glassfish.jersey.client.JerseyInvocation.invoke(JerseyInvocation.java:681)
	at org.glassfish.jersey.client.JerseyInvocation$Builder.method(JerseyInvocation.java:437)
	at org.glassfish.jersey.client.JerseyInvocation$Builder.put(JerseyInvocation.java:326)
	at com.saucelabs.example.util.ResultReporter.saveTestStatus(ResultReporter.java:25)
	at com.saucelabs.example.TestSetup.tearDown(TestSetup.java:97)
	at java.base/jdk.internal.reflect.NativeMethodAccessorImpl.invoke0(Native Method)
	at java.base/jdk.internal.reflect.NativeMethodAccessorImpl.invoke(NativeMethodAccessorImpl.java:62)
	at java.base/jdk.internal.reflect.DelegatingMethodAccessorImpl.invoke(DelegatingMethodAccessorImpl.java:43)
	at java.base/java.lang.reflect.Method.invoke(Method.java:566)
	at org.testng.internal.MethodInvocationHelper.invokeMethod(MethodInvocationHelper.java:104)
	at org.testng.internal.Invoker.invokeConfigurationMethod(Invoker.java:515)
	at org.testng.internal.Invoker.invokeConfigurations(Invoker.java:217)
	at org.testng.internal.Invoker.invokeMethod(Invoker.java:712)
	at org.testng.internal.Invoker.invokeTestMethod(Invoker.java:851)
	at org.testng.internal.TestMethodWithDataProviderMethodWorker.call(TestMethodWithDataProviderMethodWorker.java:75)
	at org.testng.internal.TestMethodWithDataProviderMethodWorker.call(TestMethodWithDataProviderMethodWorker.java:14)
	at java.base/java.util.concurrent.FutureTask.run(FutureTask.java:264)
	at java.base/java.util.concurrent.Executors$RunnableAdapter.call(Executors.java:515)
	at java.base/java.util.concurrent.FutureTask.run(FutureTask.java:264)
	at java.base/java.util.concurrent.ThreadPoolExecutor.runWorker(ThreadPoolExecutor.java:1128)
	at java.base/java.util.concurrent.ThreadPoolExecutor$Worker.run(ThreadPoolExecutor.java:628)
	at java.base/java.lang.Thread.run(Thread.java:834)

WARNING: HK2 service reification failed for [org.glassfish.jersey.message.internal.DataSourceProvider] with an exception:
MultiException stack 1 of 2
java.lang.NoClassDefFoundError: javax/activation/DataSource
	at java.base/java.lang.Class.getDeclaredConstructors0(Native Method)
	at java.base/java.lang.Class.privateGetDeclaredConstructors(Class.java:3138)
	at java.base/java.lang.Class.getDeclaredConstructors(Class.java:2358)
	at org.jvnet.hk2.internal.Utilities$3.run(Utilities.java:1308)
	at org.jvnet.hk2.internal.Utilities$3.run(Utilities.java:1304)
	at java.base/java.security.AccessController.doPrivileged(Native Method)
	at org.jvnet.hk2.internal.Utilities.getAllConstructors(Utilities.java:1304)
	at org.jvnet.hk2.internal.Utilities.findProducerConstructor(Utilities.java:1247)
	at org.jvnet.hk2.internal.DefaultClassAnalyzer.getConstructor(DefaultClassAnalyzer.java:83)
	at org.glassfish.jersey.internal.inject.JerseyClassAnalyzer.getConstructor(JerseyClassAnalyzer.java:144)
	at org.jvnet.hk2.internal.Utilities.getConstructor(Utilities.java:178)
	at org.jvnet.hk2.internal.ClazzCreator.initialize(ClazzCreator.java:129)
	at org.jvnet.hk2.internal.ClazzCreator.initialize(ClazzCreator.java:180)
	at org.jvnet.hk2.internal.SystemDescriptor.internalReify(SystemDescriptor.java:740)
	at org.jvnet.hk2.internal.SystemDescriptor.reify(SystemDescriptor.java:694)
	at org.jvnet.hk2.internal.ServiceLocatorImpl.reifyDescriptor(ServiceLocatorImpl.java:461)
	at org.jvnet.hk2.internal.ServiceLocatorImpl.narrow(ServiceLocatorImpl.java:2288)
	at org.jvnet.hk2.internal.ServiceLocatorImpl.access$1200(ServiceLocatorImpl.java:125)
	at org.jvnet.hk2.internal.ServiceLocatorImpl$9.compute(ServiceLocatorImpl.java:1373)
	at org.jvnet.hk2.internal.ServiceLocatorImpl$9.compute(ServiceLocatorImpl.java:1368)
	at org.glassfish.hk2.utilities.cache.internal.WeakCARCacheImpl.compute(WeakCARCacheImpl.java:116)
	at org.jvnet.hk2.internal.ServiceLocatorImpl.internalGetAllServiceHandles(ServiceLocatorImpl.java:1430)
	at org.jvnet.hk2.internal.ServiceLocatorImpl.getAllServiceHandles(ServiceLocatorImpl.java:1355)
	at org.jvnet.hk2.internal.ServiceLocatorImpl.getAllServiceHandles(ServiceLocatorImpl.java:1344)
	at org.glassfish.jersey.internal.inject.Providers.getServiceHandles(Providers.java:354)
	at org.glassfish.jersey.internal.inject.Providers.getCustomProviders(Providers.java:201)
	at org.glassfish.jersey.message.internal.MessageBodyFactory.&lt;init&gt;(MessageBodyFactory.java:221)
	at java.base/jdk.internal.reflect.NativeConstructorAccessorImpl.newInstance0(Native Method)
	at java.base/jdk.internal.reflect.NativeConstructorAccessorImpl.newInstance(NativeConstructorAccessorImpl.java:62)
	at java.base/jdk.internal.reflect.DelegatingConstructorAccessorImpl.newInstance(DelegatingConstructorAccessorImpl.java:45)
	at java.base/java.lang.reflect.Constructor.newInstance(Constructor.java:490)
	at org.glassfish.hk2.utilities.reflection.ReflectionHelper.makeMe(ReflectionHelper.java:1375)
	at org.jvnet.hk2.internal.ClazzCreator.createMe(ClazzCreator.java:272)
	at org.jvnet.hk2.internal.ClazzCreator.create(ClazzCreator.java:366)
	at org.jvnet.hk2.internal.SystemDescriptor.create(SystemDescriptor.java:487)
	at org.jvnet.hk2.internal.SingletonContext$1.compute(SingletonContext.java:83)
	at org.jvnet.hk2.internal.SingletonContext$1.compute(SingletonContext.java:71)
	at org.glassfish.hk2.utilities.cache.Cache$OriginThreadAwareFuture$1.call(Cache.java:97)
	at java.base/java.util.concurrent.FutureTask.run(FutureTask.java:264)
	at org.glassfish.hk2.utilities.cache.Cache$OriginThreadAwareFuture.run(Cache.java:154)
	at org.glassfish.hk2.utilities.cache.Cache.compute(Cache.java:199)
	at org.jvnet.hk2.internal.SingletonContext.findOrCreate(SingletonContext.java:122)
	at org.jvnet.hk2.internal.Utilities.createService(Utilities.java:2022)
	at org.jvnet.hk2.internal.ServiceLocatorImpl.internalGetService(ServiceLocatorImpl.java:774)
	at org.jvnet.hk2.internal.ServiceLocatorImpl.getUnqualifiedService(ServiceLocatorImpl.java:786)
	at org.jvnet.hk2.internal.IterableProviderImpl.get(IterableProviderImpl.java:111)
	at org.glassfish.jersey.client.RequestProcessingInitializationStage.apply(RequestProcessingInitializationStage.java:97)
	at org.glassfish.jersey.client.RequestProcessingInitializationStage.apply(RequestProcessingInitializationStage.java:67)
	at org.glassfish.jersey.process.internal.Stages$LinkedStage.apply(Stages.java:308)
	at org.glassfish.jersey.process.internal.Stages.process(Stages.java:171)
	at org.glassfish.jersey.client.ClientRuntime.invoke(ClientRuntime.java:252)
	at org.glassfish.jersey.client.JerseyInvocation$1.call(JerseyInvocation.java:684)
	at org.glassfish.jersey.client.JerseyInvocation$1.call(JerseyInvocation.java:681)
	at org.glassfish.jersey.internal.Errors.process(Errors.java:315)
	at org.glassfish.jersey.internal.Errors.process(Errors.java:297)
	at org.glassfish.jersey.internal.Errors.process(Errors.java:228)
	at org.glassfish.jersey.process.internal.RequestScope.runInScope(RequestScope.java:444)
	at org.glassfish.jersey.client.JerseyInvocation.invoke(JerseyInvocation.java:681)
	at org.glassfish.jersey.client.JerseyInvocation$Builder.method(JerseyInvocation.java:437)
	at org.glassfish.jersey.client.JerseyInvocation$Builder.put(JerseyInvocation.java:326)
	at com.saucelabs.example.util.ResultReporter.saveTestStatus(ResultReporter.java:25)
	at com.saucelabs.example.TestSetup.tearDown(TestSetup.java:97)
	at java.base/jdk.internal.reflect.NativeMethodAccessorImpl.invoke0(Native Method)
	at java.base/jdk.internal.reflect.NativeMethodAccessorImpl.invoke(NativeMethodAccessorImpl.java:62)
	at java.base/jdk.internal.reflect.DelegatingMethodAccessorImpl.invoke(DelegatingMethodAccessorImpl.java:43)
	at java.base/java.lang.reflect.Method.invoke(Method.java:566)
	at org.testng.internal.MethodInvocationHelper.invokeMethod(MethodInvocationHelper.java:104)
	at org.testng.internal.Invoker.invokeConfigurationMethod(Invoker.java:515)
	at org.testng.internal.Invoker.invokeConfigurations(Invoker.java:217)
	at org.testng.internal.Invoker.invokeMethod(Invoker.java:712)
	at org.testng.internal.Invoker.invokeTestMethod(Invoker.java:851)
	at org.testng.internal.TestMethodWithDataProviderMethodWorker.call(TestMethodWithDataProviderMethodWorker.java:75)
	at org.testng.internal.TestMethodWithDataProviderMethodWorker.call(TestMethodWithDataProviderMethodWorker.java:14)
	at java.base/java.util.concurrent.FutureTask.run(FutureTask.java:264)
	at java.base/java.util.concurrent.Executors$RunnableAdapter.call(Executors.java:515)
	at java.base/java.util.concurrent.FutureTask.run(FutureTask.java:264)
	at java.base/java.util.concurrent.ThreadPoolExecutor.runWorker(ThreadPoolExecutor.java:1128)
	at java.base/java.util.concurrent.ThreadPoolExecutor$Worker.run(ThreadPoolExecutor.java:628)
	at java.base/java.lang.Thread.run(Thread.java:834)
Caused by: java.lang.ClassNotFoundException: javax.activation.DataSource
	at java.base/jdk.internal.loader.BuiltinClassLoader.loadClass(BuiltinClassLoader.java:583)
	at java.base/jdk.internal.loader.ClassLoaders$AppClassLoader.loadClass(ClassLoaders.java:178)
	at java.base/java.lang.ClassLoader.loadClass(ClassLoader.java:521)
	... 79 more
MultiException stack 2 of 2
java.lang.IllegalArgumentException: Errors were discovered while reifying SystemDescriptor(
	implementation=org.glassfish.jersey.message.internal.DataSourceProvider
	contracts={javax.ws.rs.ext.MessageBodyReader,javax.ws.rs.ext.MessageBodyWriter}
	scope=javax.inject.Singleton
	qualifiers={}
	descriptorType=CLASS
	descriptorVisibility=NORMAL
	metadata=
	rank=0
	loader=org.glassfish.hk2.utilities.binding.AbstractBinder$2@db27473
	proxiable=null
	proxyForSameScope=null
	analysisName=null
	id=12
	locatorId=1
	identityHashCode=1948590554
	reified=false)
	at org.jvnet.hk2.internal.SystemDescriptor.reify(SystemDescriptor.java:705)
	at org.jvnet.hk2.internal.ServiceLocatorImpl.reifyDescriptor(ServiceLocatorImpl.java:461)
	at org.jvnet.hk2.internal.ServiceLocatorImpl.narrow(ServiceLocatorImpl.java:2288)
	at org.jvnet.hk2.internal.ServiceLocatorImpl.access$1200(ServiceLocatorImpl.java:125)
	at org.jvnet.hk2.internal.ServiceLocatorImpl$9.compute(ServiceLocatorImpl.java:1373)
	at org.jvnet.hk2.internal.ServiceLocatorImpl$9.compute(ServiceLocatorImpl.java:1368)
	at org.glassfish.hk2.utilities.cache.internal.WeakCARCacheImpl.compute(WeakCARCacheImpl.java:116)
	at org.jvnet.hk2.internal.ServiceLocatorImpl.internalGetAllServiceHandles(ServiceLocatorImpl.java:1430)
	at org.jvnet.hk2.internal.ServiceLocatorImpl.getAllServiceHandles(ServiceLocatorImpl.java:1355)
	at org.jvnet.hk2.internal.ServiceLocatorImpl.getAllServiceHandles(ServiceLocatorImpl.java:1344)
	at org.glassfish.jersey.internal.inject.Providers.getServiceHandles(Providers.java:354)
	at org.glassfish.jersey.internal.inject.Providers.getCustomProviders(Providers.java:201)
	at org.glassfish.jersey.message.internal.MessageBodyFactory.&lt;init&gt;(MessageBodyFactory.java:221)
	at java.base/jdk.internal.reflect.NativeConstructorAccessorImpl.newInstance0(Native Method)
	at java.base/jdk.internal.reflect.NativeConstructorAccessorImpl.newInstance(NativeConstructorAccessorImpl.java:62)
	at java.base/jdk.internal.reflect.DelegatingConstructorAccessorImpl.newInstance(DelegatingConstructorAccessorImpl.java:45)
	at java.base/java.lang.reflect.Constructor.newInstance(Constructor.java:490)
	at org.glassfish.hk2.utilities.reflection.ReflectionHelper.makeMe(ReflectionHelper.java:1375)
	at org.jvnet.hk2.internal.ClazzCreator.createMe(ClazzCreator.java:272)
	at org.jvnet.hk2.internal.ClazzCreator.create(ClazzCreator.java:366)
	at org.jvnet.hk2.internal.SystemDescriptor.create(SystemDescriptor.java:487)
	at org.jvnet.hk2.internal.SingletonContext$1.compute(SingletonContext.java:83)
	at org.jvnet.hk2.internal.SingletonContext$1.compute(SingletonContext.java:71)
	at org.glassfish.hk2.utilities.cache.Cache$OriginThreadAwareFuture$1.call(Cache.java:97)
	at java.base/java.util.concurrent.FutureTask.run(FutureTask.java:264)
	at org.glassfish.hk2.utilities.cache.Cache$OriginThreadAwareFuture.run(Cache.java:154)
	at org.glassfish.hk2.utilities.cache.Cache.compute(Cache.java:199)
	at org.jvnet.hk2.internal.SingletonContext.findOrCreate(SingletonContext.java:122)
	at org.jvnet.hk2.internal.Utilities.createService(Utilities.java:2022)
	at org.jvnet.hk2.internal.ServiceLocatorImpl.internalGetService(ServiceLocatorImpl.java:774)
	at org.jvnet.hk2.internal.ServiceLocatorImpl.getUnqualifiedService(ServiceLocatorImpl.java:786)
	at org.jvnet.hk2.internal.IterableProviderImpl.get(IterableProviderImpl.java:111)
	at org.glassfish.jersey.client.RequestProcessingInitializationStage.apply(RequestProcessingInitializationStage.java:97)
	at org.glassfish.jersey.client.RequestProcessingInitializationStage.apply(RequestProcessingInitializationStage.java:67)
	at org.glassfish.jersey.process.internal.Stages$LinkedStage.apply(Stages.java:308)
	at org.glassfish.jersey.process.internal.Stages.process(Stages.java:171)
	at org.glassfish.jersey.client.ClientRuntime.invoke(ClientRuntime.java:252)
	at org.glassfish.jersey.client.JerseyInvocation$1.call(JerseyInvocation.java:684)
	at org.glassfish.jersey.client.JerseyInvocation$1.call(JerseyInvocation.java:681)
	at org.glassfish.jersey.internal.Errors.process(Errors.java:315)
	at org.glassfish.jersey.internal.Errors.process(Errors.java:297)
	at org.glassfish.jersey.internal.Errors.process(Errors.java:228)
	at org.glassfish.jersey.process.internal.RequestScope.runInScope(RequestScope.java:444)
	at org.glassfish.jersey.client.JerseyInvocation.invoke(JerseyInvocation.java:681)
	at org.glassfish.jersey.client.JerseyInvocation$Builder.method(JerseyInvocation.java:437)
	at org.glassfish.jersey.client.JerseyInvocation$Builder.put(JerseyInvocation.java:326)
	at com.saucelabs.example.util.ResultReporter.saveTestStatus(ResultReporter.java:25)
	at com.saucelabs.example.TestSetup.tearDown(TestSetup.java:97)
	at java.base/jdk.internal.reflect.NativeMethodAccessorImpl.invoke0(Native Method)
	at java.base/jdk.internal.reflect.NativeMethodAccessorImpl.invoke(NativeMethodAccessorImpl.java:62)
	at java.base/jdk.internal.reflect.DelegatingMethodAccessorImpl.invoke(DelegatingMethodAccessorImpl.java:43)
	at java.base/java.lang.reflect.Method.invoke(Method.java:566)
	at org.testng.internal.MethodInvocationHelper.invokeMethod(MethodInvocationHelper.java:104)
	at org.testng.internal.Invoker.invokeConfigurationMethod(Invoker.java:515)
	at org.testng.internal.Invoker.invokeConfigurations(Invoker.java:217)
	at org.testng.internal.Invoker.invokeMethod(Invoker.java:712)
	at org.testng.internal.Invoker.invokeTestMethod(Invoker.java:851)
	at org.testng.internal.TestMethodWithDataProviderMethodWorker.call(TestMethodWithDataProviderMethodWorker.java:75)
	at org.testng.internal.TestMethodWithDataProviderMethodWorker.call(TestMethodWithDataProviderMethodWorker.java:14)
	at java.base/java.util.concurrent.FutureTask.run(FutureTask.java:264)
	at java.base/java.util.concurrent.Executors$RunnableAdapter.call(Executors.java:515)
	at java.base/java.util.concurrent.FutureTask.run(FutureTask.java:264)
	at java.base/java.util.concurrent.ThreadPoolExecutor.runWorker(ThreadPoolExecutor.java:1128)
	at java.base/java.util.concurrent.ThreadPoolExecutor$Worker.run(ThreadPoolExecutor.java:628)
	at java.base/java.lang.Thread.run(Thread.java:834)

WARNING: HK2 service reification failed for [org.glassfish.jersey.message.internal.DataSourceProvider] with an exception:
MultiException stack 1 of 2
java.lang.NoClassDefFoundError: javax/activation/DataSource
	at java.base/java.lang.Class.getDeclaredConstructors0(Native Method)
	at java.base/java.lang.Class.privateGetDeclaredConstructors(Class.java:3138)
	at java.base/java.lang.Class.getDeclaredConstructors(Class.java:2358)
	at org.jvnet.hk2.internal.Utilities$3.run(Utilities.java:1308)
	at org.jvnet.hk2.internal.Utilities$3.run(Utilities.java:1304)
	at java.base/java.security.AccessController.doPrivileged(Native Method)
	at org.jvnet.hk2.internal.Utilities.getAllConstructors(Utilities.java:1304)
	at org.jvnet.hk2.internal.Utilities.findProducerConstructor(Utilities.java:1247)
	at org.jvnet.hk2.internal.DefaultClassAnalyzer.getConstructor(DefaultClassAnalyzer.java:83)
	at org.glassfish.jersey.internal.inject.JerseyClassAnalyzer.getConstructor(JerseyClassAnalyzer.java:144)
	at org.jvnet.hk2.internal.Utilities.getConstructor(Utilities.java:178)
	at org.jvnet.hk2.internal.ClazzCreator.initialize(ClazzCreator.java:129)
	at org.jvnet.hk2.internal.ClazzCreator.initialize(ClazzCreator.java:180)
	at org.jvnet.hk2.internal.SystemDescriptor.internalReify(SystemDescriptor.java:740)
	at org.jvnet.hk2.internal.SystemDescriptor.reify(SystemDescriptor.java:694)
	at org.jvnet.hk2.internal.ServiceLocatorImpl.reifyDescriptor(ServiceLocatorImpl.java:461)
	at org.jvnet.hk2.internal.ServiceLocatorImpl.narrow(ServiceLocatorImpl.java:2288)
	at org.jvnet.hk2.internal.ServiceLocatorImpl.access$1200(ServiceLocatorImpl.java:125)
	at org.jvnet.hk2.internal.ServiceLocatorImpl$9.compute(ServiceLocatorImpl.java:1373)
	at org.jvnet.hk2.internal.ServiceLocatorImpl$9.compute(ServiceLocatorImpl.java:1368)
	at org.glassfish.hk2.utilities.cache.internal.WeakCARCacheImpl.compute(WeakCARCacheImpl.java:116)
	at org.jvnet.hk2.internal.ServiceLocatorImpl.internalGetAllServiceHandles(ServiceLocatorImpl.java:1430)
	at org.jvnet.hk2.internal.ServiceLocatorImpl.getAllServiceHandles(ServiceLocatorImpl.java:1355)
	at org.jvnet.hk2.internal.ServiceLocatorImpl.getAllServiceHandles(ServiceLocatorImpl.java:1344)
	at org.glassfish.jersey.internal.inject.Providers.getServiceHandles(Providers.java:354)
	at org.glassfish.jersey.internal.inject.Providers.getProviders(Providers.java:187)
	at org.glassfish.jersey.message.internal.MessageBodyFactory.&lt;init&gt;(MessageBodyFactory.java:222)
	at java.base/jdk.internal.reflect.NativeConstructorAccessorImpl.newInstance0(Native Method)
	at java.base/jdk.internal.reflect.NativeConstructorAccessorImpl.newInstance(NativeConstructorAccessorImpl.java:62)
	at java.base/jdk.internal.reflect.DelegatingConstructorAccessorImpl.newInstance(DelegatingConstructorAccessorImpl.java:45)
	at java.base/java.lang.reflect.Constructor.newInstance(Constructor.java:490)
	at org.glassfish.hk2.utilities.reflection.ReflectionHelper.makeMe(ReflectionHelper.java:1375)
	at org.jvnet.hk2.internal.ClazzCreator.createMe(ClazzCreator.java:272)
	at org.jvnet.hk2.internal.ClazzCreator.create(ClazzCreator.java:366)
	at org.jvnet.hk2.internal.SystemDescriptor.create(SystemDescriptor.java:487)
	at org.jvnet.hk2.internal.SingletonContext$1.compute(SingletonContext.java:83)
	at org.jvnet.hk2.internal.SingletonContext$1.compute(SingletonContext.java:71)
	at org.glassfish.hk2.utilities.cache.Cache$OriginThreadAwareFuture$1.call(Cache.java:97)
	at java.base/java.util.concurrent.FutureTask.run(FutureTask.java:264)
	at org.glassfish.hk2.utilities.cache.Cache$OriginThreadAwareFuture.run(Cache.java:154)
	at org.glassfish.hk2.utilities.cache.Cache.compute(Cache.java:199)
	at org.jvnet.hk2.internal.SingletonContext.findOrCreate(SingletonContext.java:122)
	at org.jvnet.hk2.internal.Utilities.createService(Utilities.java:2022)
	at org.jvnet.hk2.internal.ServiceLocatorImpl.internalGetService(ServiceLocatorImpl.java:774)
	at org.jvnet.hk2.internal.ServiceLocatorImpl.getUnqualifiedService(ServiceLocatorImpl.java:786)
	at org.jvnet.hk2.internal.IterableProviderImpl.get(IterableProviderImpl.java:111)
	at org.glassfish.jersey.client.RequestProcessingInitializationStage.apply(RequestProcessingInitializationStage.java:97)
	at org.glassfish.jersey.client.RequestProcessingInitializationStage.apply(RequestProcessingInitializationStage.java:67)
	at org.glassfish.jersey.process.internal.Stages$LinkedStage.apply(Stages.java:308)
	at org.glassfish.jersey.process.internal.Stages.process(Stages.java:171)
	at org.glassfish.jersey.client.ClientRuntime.invoke(ClientRuntime.java:252)
	at org.glassfish.jersey.client.JerseyInvocation$1.call(JerseyInvocation.java:684)
	at org.glassfish.jersey.client.JerseyInvocation$1.call(JerseyInvocation.java:681)
	at org.glassfish.jersey.internal.Errors.process(Errors.java:315)
	at org.glassfish.jersey.internal.Errors.process(Errors.java:297)
	at org.glassfish.jersey.internal.Errors.process(Errors.java:228)
	at org.glassfish.jersey.process.internal.RequestScope.runInScope(RequestScope.java:444)
	at org.glassfish.jersey.client.JerseyInvocation.invoke(JerseyInvocation.java:681)
	at org.glassfish.jersey.client.JerseyInvocation$Builder.method(JerseyInvocation.java:437)
	at org.glassfish.jersey.client.JerseyInvocation$Builder.put(JerseyInvocation.java:326)
	at com.saucelabs.example.util.ResultReporter.saveTestStatus(ResultReporter.java:25)
	at com.saucelabs.example.TestSetup.tearDown(TestSetup.java:97)
	at java.base/jdk.internal.reflect.NativeMethodAccessorImpl.invoke0(Native Method)
	at java.base/jdk.internal.reflect.NativeMethodAccessorImpl.invoke(NativeMethodAccessorImpl.java:62)
	at java.base/jdk.internal.reflect.DelegatingMethodAccessorImpl.invoke(DelegatingMethodAccessorImpl.java:43)
	at java.base/java.lang.reflect.Method.invoke(Method.java:566)
	at org.testng.internal.MethodInvocationHelper.invokeMethod(MethodInvocationHelper.java:104)
	at org.testng.internal.Invoker.invokeConfigurationMethod(Invoker.java:515)
	at org.testng.internal.Invoker.invokeConfigurations(Invoker.java:217)
	at org.testng.internal.Invoker.invokeMethod(Invoker.java:712)
	at org.testng.internal.Invoker.invokeTestMethod(Invoker.java:851)
	at org.testng.internal.TestMethodWithDataProviderMethodWorker.call(TestMethodWithDataProviderMethodWorker.java:75)
	at org.testng.internal.TestMethodWithDataProviderMethodWorker.call(TestMethodWithDataProviderMethodWorker.java:14)
	at java.base/java.util.concurrent.FutureTask.run(FutureTask.java:264)
	at java.base/java.util.concurrent.Executors$RunnableAdapter.call(Executors.java:515)
	at java.base/java.util.concurrent.FutureTask.run(FutureTask.java:264)
	at java.base/java.util.concurrent.ThreadPoolExecutor.runWorker(ThreadPoolExecutor.java:1128)
	at java.base/java.util.concurrent.ThreadPoolExecutor$Worker.run(ThreadPoolExecutor.java:628)
	at java.base/java.lang.Thread.run(Thread.java:834)
Caused by: java.lang.ClassNotFoundException: javax.activation.DataSource
	at java.base/jdk.internal.loader.BuiltinClassLoader.loadClass(BuiltinClassLoader.java:583)
	at java.base/jdk.internal.loader.ClassLoaders$AppClassLoader.loadClass(ClassLoaders.java:178)
	at java.base/java.lang.ClassLoader.loadClass(ClassLoader.java:521)
	... 79 more
MultiException stack 2 of 2
java.lang.IllegalArgumentException: Errors were discovered while reifying SystemDescriptor(
	implementation=org.glassfish.jersey.message.internal.DataSourceProvider
	contracts={javax.ws.rs.ext.MessageBodyReader,javax.ws.rs.ext.MessageBodyWriter}
	scope=javax.inject.Singleton
	qualifiers={}
	descriptorType=CLASS
	descriptorVisibility=NORMAL
	metadata=
	rank=0
	loader=org.glassfish.hk2.utilities.binding.AbstractBinder$2@db27473
	proxiable=null
	proxyForSameScope=null
	analysisName=null
	id=12
	locatorId=1
	identityHashCode=1948590554
	reified=false)
	at org.jvnet.hk2.internal.SystemDescriptor.reify(SystemDescriptor.java:705)
	at org.jvnet.hk2.internal.ServiceLocatorImpl.reifyDescriptor(ServiceLocatorImpl.java:461)
	at org.jvnet.hk2.internal.ServiceLocatorImpl.narrow(ServiceLocatorImpl.java:2288)
	at org.jvnet.hk2.internal.ServiceLocatorImpl.access$1200(ServiceLocatorImpl.java:125)
	at org.jvnet.hk2.internal.ServiceLocatorImpl$9.compute(ServiceLocatorImpl.java:1373)
	at org.jvnet.hk2.internal.ServiceLocatorImpl$9.compute(ServiceLocatorImpl.java:1368)
	at org.glassfish.hk2.utilities.cache.internal.WeakCARCacheImpl.compute(WeakCARCacheImpl.java:116)
	at org.jvnet.hk2.internal.ServiceLocatorImpl.internalGetAllServiceHandles(ServiceLocatorImpl.java:1430)
	at org.jvnet.hk2.internal.ServiceLocatorImpl.getAllServiceHandles(ServiceLocatorImpl.java:1355)
	at org.jvnet.hk2.internal.ServiceLocatorImpl.getAllServiceHandles(ServiceLocatorImpl.java:1344)
	at org.glassfish.jersey.internal.inject.Providers.getServiceHandles(Providers.java:354)
	at org.glassfish.jersey.internal.inject.Providers.getProviders(Providers.java:187)
	at org.glassfish.jersey.message.internal.MessageBodyFactory.&lt;init&gt;(MessageBodyFactory.java:222)
	at java.base/jdk.internal.reflect.NativeConstructorAccessorImpl.newInstance0(Native Method)
	at java.base/jdk.internal.reflect.NativeConstructorAccessorImpl.newInstance(NativeConstructorAccessorImpl.java:62)
	at java.base/jdk.internal.reflect.DelegatingConstructorAccessorImpl.newInstance(DelegatingConstructorAccessorImpl.java:45)
	at java.base/java.lang.reflect.Constructor.newInstance(Constructor.java:490)
	at org.glassfish.hk2.utilities.reflection.ReflectionHelper.makeMe(ReflectionHelper.java:1375)
	at org.jvnet.hk2.internal.ClazzCreator.createMe(ClazzCreator.java:272)
	at org.jvnet.hk2.internal.ClazzCreator.create(ClazzCreator.java:366)
	at org.jvnet.hk2.internal.SystemDescriptor.create(SystemDescriptor.java:487)
	at org.jvnet.hk2.internal.SingletonContext$1.compute(SingletonContext.java:83)
	at org.jvnet.hk2.internal.SingletonContext$1.compute(SingletonContext.java:71)
	at org.glassfish.hk2.utilities.cache.Cache$OriginThreadAwareFuture$1.call(Cache.java:97)
	at java.base/java.util.concurrent.FutureTask.run(FutureTask.java:264)
	at org.glassfish.hk2.utilities.cache.Cache$OriginThreadAwareFuture.run(Cache.java:154)
	at org.glassfish.hk2.utilities.cache.Cache.compute(Cache.java:199)
	at org.jvnet.hk2.internal.SingletonContext.findOrCreate(SingletonContext.java:122)
	at org.jvnet.hk2.internal.Utilities.createService(Utilities.java:2022)
	at org.jvnet.hk2.internal.ServiceLocatorImpl.internalGetService(ServiceLocatorImpl.java:774)
	at org.jvnet.hk2.internal.ServiceLocatorImpl.getUnqualifiedService(ServiceLocatorImpl.java:786)
	at org.jvnet.hk2.internal.IterableProviderImpl.get(IterableProviderImpl.java:111)
	at org.glassfish.jersey.client.RequestProcessingInitializationStage.apply(RequestProcessingInitializationStage.java:97)
	at org.glassfish.jersey.client.RequestProcessingInitializationStage.apply(RequestProcessingInitializationStage.java:67)
	at org.glassfish.jersey.process.internal.Stages$LinkedStage.apply(Stages.java:308)
	at org.glassfish.jersey.process.internal.Stages.process(Stages.java:171)
	at org.glassfish.jersey.client.ClientRuntime.invoke(ClientRuntime.java:252)
	at org.glassfish.jersey.client.JerseyInvocation$1.call(JerseyInvocation.java:684)
	at org.glassfish.jersey.client.JerseyInvocation$1.call(JerseyInvocation.java:681)
	at org.glassfish.jersey.internal.Errors.process(Errors.java:315)
	at org.glassfish.jersey.internal.Errors.process(Errors.java:297)
	at org.glassfish.jersey.internal.Errors.process(Errors.java:228)
	at org.glassfish.jersey.process.internal.RequestScope.runInScope(RequestScope.java:444)
	at org.glassfish.jersey.client.JerseyInvocation.invoke(JerseyInvocation.java:681)
	at org.glassfish.jersey.client.JerseyInvocation$Builder.method(JerseyInvocation.java:437)
	at org.glassfish.jersey.client.JerseyInvocation$Builder.put(JerseyInvocation.java:326)
	at com.saucelabs.example.util.ResultReporter.saveTestStatus(ResultReporter.java:25)
	at com.saucelabs.example.TestSetup.tearDown(TestSetup.java:97)
	at java.base/jdk.internal.reflect.NativeMethodAccessorImpl.invoke0(Native Method)
	at java.base/jdk.internal.reflect.NativeMethodAccessorImpl.invoke(NativeMethodAccessorImpl.java:62)
	at java.base/jdk.internal.reflect.DelegatingMethodAccessorImpl.invoke(DelegatingMethodAccessorImpl.java:43)
	at java.base/java.lang.reflect.Method.invoke(Method.java:566)
	at org.testng.internal.MethodInvocationHelper.invokeMethod(MethodInvocationHelper.java:104)
	at org.testng.internal.Invoker.invokeConfigurationMethod(Invoker.java:515)
	at org.testng.internal.Invoker.invokeConfigurations(Invoker.java:217)
	at org.testng.internal.Invoker.invokeMethod(Invoker.java:712)
	at org.testng.internal.Invoker.invokeTestMethod(Invoker.java:851)
	at org.testng.internal.TestMethodWithDataProviderMethodWorker.call(TestMethodWithDataProviderMethodWorker.java:75)
	at org.testng.internal.TestMethodWithDataProviderMethodWorker.call(TestMethodWithDataProviderMethodWorker.java:14)
	at java.base/java.util.concurrent.FutureTask.run(FutureTask.java:264)
	at java.base/java.util.concurrent.Executors$RunnableAdapter.call(Executors.java:515)
	at java.base/java.util.concurrent.FutureTask.run(FutureTask.java:264)
	at java.base/java.util.concurrent.ThreadPoolExecutor.runWorker(ThreadPoolExecutor.java:1128)
	at java.base/java.util.concurrent.ThreadPoolExecutor$Worker.run(ThreadPoolExecutor.java:628)
	at java.base/java.lang.Thread.run(Thread.java:834)

WARNING: HK2 service reification failed for [org.glassfish.jersey.message.internal.DataSourceProvider] with an exception:
MultiException stack 1 of 2
java.lang.NoClassDefFoundError: javax/activation/DataSource
	at java.base/java.lang.Class.getDeclaredConstructors0(Native Method)
	at java.base/java.lang.Class.privateGetDeclaredConstructors(Class.java:3138)
	at java.base/java.lang.Class.getDeclaredConstructors(Class.java:2358)
	at org.jvnet.hk2.internal.Utilities$3.run(Utilities.java:1308)
	at org.jvnet.hk2.internal.Utilities$3.run(Utilities.java:1304)
	at java.base/java.security.AccessController.doPrivileged(Native Method)
	at org.jvnet.hk2.internal.Utilities.getAllConstructors(Utilities.java:1304)
	at org.jvnet.hk2.internal.Utilities.findProducerConstructor(Utilities.java:1247)
	at org.jvnet.hk2.internal.DefaultClassAnalyzer.getConstructor(DefaultClassAnalyzer.java:83)
	at org.glassfish.jersey.internal.inject.JerseyClassAnalyzer.getConstructor(JerseyClassAnalyzer.java:144)
	at org.jvnet.hk2.internal.Utilities.getConstructor(Utilities.java:178)
	at org.jvnet.hk2.internal.ClazzCreator.initialize(ClazzCreator.java:129)
	at org.jvnet.hk2.internal.ClazzCreator.initialize(ClazzCreator.java:180)
	at org.jvnet.hk2.internal.SystemDescriptor.internalReify(SystemDescriptor.java:740)
	at org.jvnet.hk2.internal.SystemDescriptor.reify(SystemDescriptor.java:694)
	at org.jvnet.hk2.internal.ServiceLocatorImpl.reifyDescriptor(ServiceLocatorImpl.java:461)
	at org.jvnet.hk2.internal.ServiceLocatorImpl.narrow(ServiceLocatorImpl.java:2288)
	at org.jvnet.hk2.internal.ServiceLocatorImpl.access$1200(ServiceLocatorImpl.java:125)
	at org.jvnet.hk2.internal.ServiceLocatorImpl$9.compute(ServiceLocatorImpl.java:1373)
	at org.jvnet.hk2.internal.ServiceLocatorImpl$9.compute(ServiceLocatorImpl.java:1368)
	at org.glassfish.hk2.utilities.cache.internal.WeakCARCacheImpl.compute(WeakCARCacheImpl.java:116)
	at org.jvnet.hk2.internal.ServiceLocatorImpl.internalGetAllServiceHandles(ServiceLocatorImpl.java:1430)
	at org.jvnet.hk2.internal.ServiceLocatorImpl.getAllServiceHandles(ServiceLocatorImpl.java:1355)
	at org.jvnet.hk2.internal.ServiceLocatorImpl.getAllServiceHandles(ServiceLocatorImpl.java:1344)
	at org.glassfish.jersey.internal.inject.Providers.getServiceHandles(Providers.java:354)
	at org.glassfish.jersey.internal.inject.Providers.getProviders(Providers.java:187)
	at org.glassfish.jersey.message.internal.MessageBodyFactory.&lt;init&gt;(MessageBodyFactory.java:222)
	at java.base/jdk.internal.reflect.NativeConstructorAccessorImpl.newInstance0(Native Method)
	at java.base/jdk.internal.reflect.NativeConstructorAccessorImpl.newInstance(NativeConstructorAccessorImpl.java:62)
	at java.base/jdk.internal.reflect.DelegatingConstructorAccessorImpl.newInstance(DelegatingConstructorAccessorImpl.java:45)
	at java.base/java.lang.reflect.Constructor.newInstance(Constructor.java:490)
	at org.glassfish.hk2.utilities.reflection.ReflectionHelper.makeMe(ReflectionHelper.java:1375)
	at org.jvnet.hk2.internal.ClazzCreator.createMe(ClazzCreator.java:272)
	at org.jvnet.hk2.internal.ClazzCreator.create(ClazzCreator.java:366)
	at org.jvnet.hk2.internal.SystemDescriptor.create(SystemDescriptor.java:487)
	at org.jvnet.hk2.internal.SingletonContext$1.compute(SingletonContext.java:83)
	at org.jvnet.hk2.internal.SingletonContext$1.compute(SingletonContext.java:71)
	at org.glassfish.hk2.utilities.cache.Cache$OriginThreadAwareFuture$1.call(Cache.java:97)
	at java.base/java.util.concurrent.FutureTask.run(FutureTask.java:264)
	at org.glassfish.hk2.utilities.cache.Cache$OriginThreadAwareFuture.run(Cache.java:154)
	at org.glassfish.hk2.utilities.cache.Cache.compute(Cache.java:199)
	at org.jvnet.hk2.internal.SingletonContext.findOrCreate(SingletonContext.java:122)
	at org.jvnet.hk2.internal.Utilities.createService(Utilities.java:2022)
	at org.jvnet.hk2.internal.ServiceLocatorImpl.internalGetService(ServiceLocatorImpl.java:774)
	at org.jvnet.hk2.internal.ServiceLocatorImpl.getUnqualifiedService(ServiceLocatorImpl.java:786)
	at org.jvnet.hk2.internal.IterableProviderImpl.get(IterableProviderImpl.java:111)
	at org.glassfish.jersey.client.RequestProcessingInitializationStage.apply(RequestProcessingInitializationStage.java:97)
	at org.glassfish.jersey.client.RequestProcessingInitializationStage.apply(RequestProcessingInitializationStage.java:67)
	at org.glassfish.jersey.process.internal.Stages$LinkedStage.apply(Stages.java:308)
	at org.glassfish.jersey.process.internal.Stages.process(Stages.java:171)
	at org.glassfish.jersey.client.ClientRuntime.invoke(ClientRuntime.java:252)
	at org.glassfish.jersey.client.JerseyInvocation$1.call(JerseyInvocation.java:684)
	at org.glassfish.jersey.client.JerseyInvocation$1.call(JerseyInvocation.java:681)
	at org.glassfish.jersey.internal.Errors.process(Errors.java:315)
	at org.glassfish.jersey.internal.Errors.process(Errors.java:297)
	at org.glassfish.jersey.internal.Errors.process(Errors.java:228)
	at org.glassfish.jersey.process.internal.RequestScope.runInScope(RequestScope.java:444)
	at org.glassfish.jersey.client.JerseyInvocation.invoke(JerseyInvocation.java:681)
	at org.glassfish.jersey.client.JerseyInvocation$Builder.method(JerseyInvocation.java:437)
	at org.glassfish.jersey.client.JerseyInvocation$Builder.put(JerseyInvocation.java:326)
	at com.saucelabs.example.util.ResultReporter.saveTestStatus(ResultReporter.java:25)
	at com.saucelabs.example.TestSetup.tearDown(TestSetup.java:97)
	at java.base/jdk.internal.reflect.NativeMethodAccessorImpl.invoke0(Native Method)
	at java.base/jdk.internal.reflect.NativeMethodAccessorImpl.invoke(NativeMethodAccessorImpl.java:62)
	at java.base/jdk.internal.reflect.DelegatingMethodAccessorImpl.invoke(DelegatingMethodAccessorImpl.java:43)
	at java.base/java.lang.reflect.Method.invoke(Method.java:566)
	at org.testng.internal.MethodInvocationHelper.invokeMethod(MethodInvocationHelper.java:104)
	at org.testng.internal.Invoker.invokeConfigurationMethod(Invoker.java:515)
	at org.testng.internal.Invoker.invokeConfigurations(Invoker.java:217)
	at org.testng.internal.Invoker.invokeMethod(Invoker.java:712)
	at org.testng.internal.Invoker.invokeTestMethod(Invoker.java:851)
	at org.testng.internal.TestMethodWithDataProviderMethodWorker.call(TestMethodWithDataProviderMethodWorker.java:75)
	at org.testng.internal.TestMethodWithDataProviderMethodWorker.call(TestMethodWithDataProviderMethodWorker.java:14)
	at java.base/java.util.concurrent.FutureTask.run(FutureTask.java:264)
	at java.base/java.util.concurrent.Executors$RunnableAdapter.call(Executors.java:515)
	at java.base/java.util.concurrent.FutureTask.run(FutureTask.java:264)
	at java.base/java.util.concurrent.ThreadPoolExecutor.runWorker(ThreadPoolExecutor.java:1128)
	at java.base/java.util.concurrent.ThreadPoolExecutor$Worker.run(ThreadPoolExecutor.java:628)
	at java.base/java.lang.Thread.run(Thread.java:834)
Caused by: java.lang.ClassNotFoundException: javax.activation.DataSource
	at java.base/jdk.internal.loader.BuiltinClassLoader.loadClass(BuiltinClassLoader.java:583)
	at java.base/jdk.internal.loader.ClassLoaders$AppClassLoader.loadClass(ClassLoaders.java:178)
	at java.base/java.lang.ClassLoader.loadClass(ClassLoader.java:521)
	... 79 more
MultiException stack 2 of 2
java.lang.IllegalArgumentException: Errors were discovered while reifying SystemDescriptor(
	implementation=org.glassfish.jersey.message.internal.DataSourceProvider
	contracts={javax.ws.rs.ext.MessageBodyReader,javax.ws.rs.ext.MessageBodyWriter}
	scope=javax.inject.Singleton
	qualifiers={}
	descriptorType=CLASS
	descriptorVisibility=NORMAL
	metadata=
	rank=0
	loader=org.glassfish.hk2.utilities.binding.AbstractBinder$2@db27473
	proxiable=null
	proxyForSameScope=null
	analysisName=null
	id=12
	locatorId=1
	identityHashCode=1948590554
	reified=false)
	at org.jvnet.hk2.internal.SystemDescriptor.reify(SystemDescriptor.java:705)
	at org.jvnet.hk2.internal.ServiceLocatorImpl.reifyDescriptor(ServiceLocatorImpl.java:461)
	at org.jvnet.hk2.internal.ServiceLocatorImpl.narrow(ServiceLocatorImpl.java:2288)
	at org.jvnet.hk2.internal.ServiceLocatorImpl.access$1200(ServiceLocatorImpl.java:125)
	at org.jvnet.hk2.internal.ServiceLocatorImpl$9.compute(ServiceLocatorImpl.java:1373)
	at org.jvnet.hk2.internal.ServiceLocatorImpl$9.compute(ServiceLocatorImpl.java:1368)
	at org.glassfish.hk2.utilities.cache.internal.WeakCARCacheImpl.compute(WeakCARCacheImpl.java:116)
	at org.jvnet.hk2.internal.ServiceLocatorImpl.internalGetAllServiceHandles(ServiceLocatorImpl.java:1430)
	at org.jvnet.hk2.internal.ServiceLocatorImpl.getAllServiceHandles(ServiceLocatorImpl.java:1355)
	at org.jvnet.hk2.internal.ServiceLocatorImpl.getAllServiceHandles(ServiceLocatorImpl.java:1344)
	at org.glassfish.jersey.internal.inject.Providers.getServiceHandles(Providers.java:354)
	at org.glassfish.jersey.internal.inject.Providers.getProviders(Providers.java:187)
	at org.glassfish.jersey.message.internal.MessageBodyFactory.&lt;init&gt;(MessageBodyFactory.java:222)
	at java.base/jdk.internal.reflect.NativeConstructorAccessorImpl.newInstance0(Native Method)
	at java.base/jdk.internal.reflect.NativeConstructorAccessorImpl.newInstance(NativeConstructorAccessorImpl.java:62)
	at java.base/jdk.internal.reflect.DelegatingConstructorAccessorImpl.newInstance(DelegatingConstructorAccessorImpl.java:45)
	at java.base/java.lang.reflect.Constructor.newInstance(Constructor.java:490)
	at org.glassfish.hk2.utilities.reflection.ReflectionHelper.makeMe(ReflectionHelper.java:1375)
	at org.jvnet.hk2.internal.ClazzCreator.createMe(ClazzCreator.java:272)
	at org.jvnet.hk2.internal.ClazzCreator.create(ClazzCreator.java:366)
	at org.jvnet.hk2.internal.SystemDescriptor.create(SystemDescriptor.java:487)
	at org.jvnet.hk2.internal.SingletonContext$1.compute(SingletonContext.java:83)
	at org.jvnet.hk2.internal.SingletonContext$1.compute(SingletonContext.java:71)
	at org.glassfish.hk2.utilities.cache.Cache$OriginThreadAwareFuture$1.call(Cache.java:97)
	at java.base/java.util.concurrent.FutureTask.run(FutureTask.java:264)
	at org.glassfish.hk2.utilities.cache.Cache$OriginThreadAwareFuture.run(Cache.java:154)
	at org.glassfish.hk2.utilities.cache.Cache.compute(Cache.java:199)
	at org.jvnet.hk2.internal.SingletonContext.findOrCreate(SingletonContext.java:122)
	at org.jvnet.hk2.internal.Utilities.createService(Utilities.java:2022)
	at org.jvnet.hk2.internal.ServiceLocatorImpl.internalGetService(ServiceLocatorImpl.java:774)
	at org.jvnet.hk2.internal.ServiceLocatorImpl.getUnqualifiedService(ServiceLocatorImpl.java:786)
	at org.jvnet.hk2.internal.IterableProviderImpl.get(IterableProviderImpl.java:111)
	at org.glassfish.jersey.client.RequestProcessingInitializationStage.apply(RequestProcessingInitializationStage.java:97)
	at org.glassfish.jersey.client.RequestProcessingInitializationStage.apply(RequestProcessingInitializationStage.java:67)
	at org.glassfish.jersey.process.internal.Stages$LinkedStage.apply(Stages.java:308)
	at org.glassfish.jersey.process.internal.Stages.process(Stages.java:171)
	at org.glassfish.jersey.client.ClientRuntime.invoke(ClientRuntime.java:252)
	at org.glassfish.jersey.client.JerseyInvocation$1.call(JerseyInvocation.java:684)
	at org.glassfish.jersey.client.JerseyInvocation$1.call(JerseyInvocation.java:681)
	at org.glassfish.jersey.internal.Errors.process(Errors.java:315)
	at org.glassfish.jersey.internal.Errors.process(Errors.java:297)
	at org.glassfish.jersey.internal.Errors.process(Errors.java:228)
	at org.glassfish.jersey.process.internal.RequestScope.runInScope(RequestScope.java:444)
	at org.glassfish.jersey.client.JerseyInvocation.invoke(JerseyInvocation.java:681)
	at org.glassfish.jersey.client.JerseyInvocation$Builder.method(JerseyInvocation.java:437)
	at org.glassfish.jersey.client.JerseyInvocation$Builder.put(JerseyInvocation.java:326)
	at com.saucelabs.example.util.ResultReporter.saveTestStatus(ResultReporter.java:25)
	at com.saucelabs.example.TestSetup.tearDown(TestSetup.java:97)
	at java.base/jdk.internal.reflect.NativeMethodAccessorImpl.invoke0(Native Method)
	at java.base/jdk.internal.reflect.NativeMethodAccessorImpl.invoke(NativeMethodAccessorImpl.java:62)
	at java.base/jdk.internal.reflect.DelegatingMethodAccessorImpl.invoke(DelegatingMethodAccessorImpl.java:43)
	at java.base/java.lang.reflect.Method.invoke(Method.java:566)
	at org.testng.internal.MethodInvocationHelper.invokeMethod(MethodInvocationHelper.java:104)
	at org.testng.internal.Invoker.invokeConfigurationMethod(Invoker.java:515)
	at org.testng.internal.Invoker.invokeConfigurations(Invoker.java:217)
	at org.testng.internal.Invoker.invokeMethod(Invoker.java:712)
	at org.testng.internal.Invoker.invokeTestMethod(Invoker.java:851)
	at org.testng.internal.TestMethodWithDataProviderMethodWorker.call(TestMethodWithDataProviderMethodWorker.java:75)
	at org.testng.internal.TestMethodWithDataProviderMethodWorker.call(TestMethodWithDataProviderMethodWorker.java:14)
	at java.base/java.util.concurrent.FutureTask.run(FutureTask.java:264)
	at java.base/java.util.concurrent.Executors$RunnableAdapter.call(Executors.java:515)
	at java.base/java.util.concurrent.FutureTask.run(FutureTask.java:264)
	at java.base/java.util.concurrent.ThreadPoolExecutor.runWorker(ThreadPoolExecutor.java:1128)
	at java.base/java.util.concurrent.ThreadPoolExecutor$Worker.run(ThreadPoolExecutor.java:628)
	at java.base/java.lang.Thread.run(Thread.java:834)

WARNING: HK2 service reification failed for [org.glassfish.jersey.message.internal.DataSourceProvider] with an exception:
MultiException stack 1 of 2
java.lang.NoClassDefFoundError: javax/activation/DataSource
	at java.base/java.lang.Class.getDeclaredConstructors0(Native Method)
	at java.base/java.lang.Class.privateGetDeclaredConstructors(Class.java:3138)
	at java.base/java.lang.Class.getDeclaredConstructors(Class.java:2358)
	at org.jvnet.hk2.internal.Utilities$3.run(Utilities.java:1308)
	at org.jvnet.hk2.internal.Utilities$3.run(Utilities.java:1304)
	at java.base/java.security.AccessController.doPrivileged(Native Method)
	at org.jvnet.hk2.internal.Utilities.getAllConstructors(Utilities.java:1304)
	at org.jvnet.hk2.internal.Utilities.findProducerConstructor(Utilities.java:1247)
	at org.jvnet.hk2.internal.DefaultClassAnalyzer.getConstructor(DefaultClassAnalyzer.java:83)
	at org.glassfish.jersey.internal.inject.JerseyClassAnalyzer.getConstructor(JerseyClassAnalyzer.java:144)
	at org.jvnet.hk2.internal.Utilities.getConstructor(Utilities.java:178)
	at org.jvnet.hk2.internal.ClazzCreator.initialize(ClazzCreator.java:129)
	at org.jvnet.hk2.internal.ClazzCreator.initialize(ClazzCreator.java:180)
	at org.jvnet.hk2.internal.SystemDescriptor.internalReify(SystemDescriptor.java:740)
	at org.jvnet.hk2.internal.SystemDescriptor.reify(SystemDescriptor.java:694)
	at org.jvnet.hk2.internal.ServiceLocatorImpl.reifyDescriptor(ServiceLocatorImpl.java:461)
	at org.jvnet.hk2.internal.ServiceLocatorImpl.narrow(ServiceLocatorImpl.java:2288)
	at org.jvnet.hk2.internal.ServiceLocatorImpl.access$1200(ServiceLocatorImpl.java:125)
	at org.jvnet.hk2.internal.ServiceLocatorImpl$9.compute(ServiceLocatorImpl.java:1373)
	at org.jvnet.hk2.internal.ServiceLocatorImpl$9.compute(ServiceLocatorImpl.java:1368)
	at org.glassfish.hk2.utilities.cache.internal.WeakCARCacheImpl.compute(WeakCARCacheImpl.java:116)
	at org.jvnet.hk2.internal.ServiceLocatorImpl.internalGetAllServiceHandles(ServiceLocatorImpl.java:1430)
	at org.jvnet.hk2.internal.ServiceLocatorImpl.getAllServiceHandles(ServiceLocatorImpl.java:1355)
	at org.jvnet.hk2.internal.ServiceLocatorImpl.getAllServiceHandles(ServiceLocatorImpl.java:1344)
	at org.glassfish.jersey.internal.inject.Providers.getServiceHandles(Providers.java:354)
	at org.glassfish.jersey.internal.inject.Providers.getCustomProviders(Providers.java:201)
	at org.glassfish.jersey.message.internal.MessageBodyFactory.&lt;init&gt;(MessageBodyFactory.java:247)
	at java.base/jdk.internal.reflect.NativeConstructorAccessorImpl.newInstance0(Native Method)
	at java.base/jdk.internal.reflect.NativeConstructorAccessorImpl.newInstance(NativeConstructorAccessorImpl.java:62)
	at java.base/jdk.internal.reflect.DelegatingConstructorAccessorImpl.newInstance(DelegatingConstructorAccessorImpl.java:45)
	at java.base/java.lang.reflect.Constructor.newInstance(Constructor.java:490)
	at org.glassfish.hk2.utilities.reflection.ReflectionHelper.makeMe(ReflectionHelper.java:1375)
	at org.jvnet.hk2.internal.ClazzCreator.createMe(ClazzCreator.java:272)
	at org.jvnet.hk2.internal.ClazzCreator.create(ClazzCreator.java:366)
	at org.jvnet.hk2.internal.SystemDescriptor.create(SystemDescriptor.java:487)
	at org.jvnet.hk2.internal.SingletonContext$1.compute(SingletonContext.java:83)
	at org.jvnet.hk2.internal.SingletonContext$1.compute(SingletonContext.java:71)
	at org.glassfish.hk2.utilities.cache.Cache$OriginThreadAwareFuture$1.call(Cache.java:97)
	at java.base/java.util.concurrent.FutureTask.run(FutureTask.java:264)
	at org.glassfish.hk2.utilities.cache.Cache$OriginThreadAwareFuture.run(Cache.java:154)
	at org.glassfish.hk2.utilities.cache.Cache.compute(Cache.java:199)
	at org.jvnet.hk2.internal.SingletonContext.findOrCreate(SingletonContext.java:122)
	at org.jvnet.hk2.internal.Utilities.createService(Utilities.java:2022)
	at org.jvnet.hk2.internal.ServiceLocatorImpl.internalGetService(ServiceLocatorImpl.java:774)
	at org.jvnet.hk2.internal.ServiceLocatorImpl.getUnqualifiedService(ServiceLocatorImpl.java:786)
	at org.jvnet.hk2.internal.IterableProviderImpl.get(IterableProviderImpl.java:111)
	at org.glassfish.jersey.client.RequestProcessingInitializationStage.apply(RequestProcessingInitializationStage.java:97)
	at org.glassfish.jersey.client.RequestProcessingInitializationStage.apply(RequestProcessingInitializationStage.java:67)
	at org.glassfish.jersey.process.internal.Stages$LinkedStage.apply(Stages.java:308)
	at org.glassfish.jersey.process.internal.Stages.process(Stages.java:171)
	at org.glassfish.jersey.client.ClientRuntime.invoke(ClientRuntime.java:252)
	at org.glassfish.jersey.client.JerseyInvocation$1.call(JerseyInvocation.java:684)
	at org.glassfish.jersey.client.JerseyInvocation$1.call(JerseyInvocation.java:681)
	at org.glassfish.jersey.internal.Errors.process(Errors.java:315)
	at org.glassfish.jersey.internal.Errors.process(Errors.java:297)
	at org.glassfish.jersey.internal.Errors.process(Errors.java:228)
	at org.glassfish.jersey.process.internal.RequestScope.runInScope(RequestScope.java:444)
	at org.glassfish.jersey.client.JerseyInvocation.invoke(JerseyInvocation.java:681)
	at org.glassfish.jersey.client.JerseyInvocation$Builder.method(JerseyInvocation.java:437)
	at org.glassfish.jersey.client.JerseyInvocation$Builder.put(JerseyInvocation.java:326)
	at com.saucelabs.example.util.ResultReporter.saveTestStatus(ResultReporter.java:25)
	at com.saucelabs.example.TestSetup.tearDown(TestSetup.java:97)
	at java.base/jdk.internal.reflect.NativeMethodAccessorImpl.invoke0(Native Method)
	at java.base/jdk.internal.reflect.NativeMethodAccessorImpl.invoke(NativeMethodAccessorImpl.java:62)
	at java.base/jdk.internal.reflect.DelegatingMethodAccessorImpl.invoke(DelegatingMethodAccessorImpl.java:43)
	at java.base/java.lang.reflect.Method.invoke(Method.java:566)
	at org.testng.internal.MethodInvocationHelper.invokeMethod(MethodInvocationHelper.java:104)
	at org.testng.internal.Invoker.invokeConfigurationMethod(Invoker.java:515)
	at org.testng.internal.Invoker.invokeConfigurations(Invoker.java:217)
	at org.testng.internal.Invoker.invokeMethod(Invoker.java:712)
	at org.testng.internal.Invoker.invokeTestMethod(Invoker.java:851)
	at org.testng.internal.TestMethodWithDataProviderMethodWorker.call(TestMethodWithDataProviderMethodWorker.java:75)
	at org.testng.internal.TestMethodWithDataProviderMethodWorker.call(TestMethodWithDataProviderMethodWorker.java:14)
	at java.base/java.util.concurrent.FutureTask.run(FutureTask.java:264)
	at java.base/java.util.concurrent.Executors$RunnableAdapter.call(Executors.java:515)
	at java.base/java.util.concurrent.FutureTask.run(FutureTask.java:264)
	at java.base/java.util.concurrent.ThreadPoolExecutor.runWorker(ThreadPoolExecutor.java:1128)
	at java.base/java.util.concurrent.ThreadPoolExecutor$Worker.run(ThreadPoolExecutor.java:628)
	at java.base/java.lang.Thread.run(Thread.java:834)
Caused by: java.lang.ClassNotFoundException: javax.activation.DataSource
	at java.base/jdk.internal.loader.BuiltinClassLoader.loadClass(BuiltinClassLoader.java:583)
	at java.base/jdk.internal.loader.ClassLoaders$AppClassLoader.loadClass(ClassLoaders.java:178)
	at java.base/java.lang.ClassLoader.loadClass(ClassLoader.java:521)
	... 79 more
MultiException stack 2 of 2
java.lang.IllegalArgumentException: Errors were discovered while reifying SystemDescriptor(
	implementation=org.glassfish.jersey.message.internal.DataSourceProvider
	contracts={javax.ws.rs.ext.MessageBodyReader,javax.ws.rs.ext.MessageBodyWriter}
	scope=javax.inject.Singleton
	qualifiers={}
	descriptorType=CLASS
	descriptorVisibility=NORMAL
	metadata=
	rank=0
	loader=org.glassfish.hk2.utilities.binding.AbstractBinder$2@db27473
	proxiable=null
	proxyForSameScope=null
	analysisName=null
	id=12
	locatorId=1
	identityHashCode=1948590554
	reified=false)
	at org.jvnet.hk2.internal.SystemDescriptor.reify(SystemDescriptor.java:705)
	at org.jvnet.hk2.internal.ServiceLocatorImpl.reifyDescriptor(ServiceLocatorImpl.java:461)
	at org.jvnet.hk2.internal.ServiceLocatorImpl.narrow(ServiceLocatorImpl.java:2288)
	at org.jvnet.hk2.internal.ServiceLocatorImpl.access$1200(ServiceLocatorImpl.java:125)
	at org.jvnet.hk2.internal.ServiceLocatorImpl$9.compute(ServiceLocatorImpl.java:1373)
	at org.jvnet.hk2.internal.ServiceLocatorImpl$9.compute(ServiceLocatorImpl.java:1368)
	at org.glassfish.hk2.utilities.cache.internal.WeakCARCacheImpl.compute(WeakCARCacheImpl.java:116)
	at org.jvnet.hk2.internal.ServiceLocatorImpl.internalGetAllServiceHandles(ServiceLocatorImpl.java:1430)
	at org.jvnet.hk2.internal.ServiceLocatorImpl.getAllServiceHandles(ServiceLocatorImpl.java:1355)
	at org.jvnet.hk2.internal.ServiceLocatorImpl.getAllServiceHandles(ServiceLocatorImpl.java:1344)
	at org.glassfish.jersey.internal.inject.Providers.getServiceHandles(Providers.java:354)
	at org.glassfish.jersey.internal.inject.Providers.getCustomProviders(Providers.java:201)
	at org.glassfish.jersey.message.internal.MessageBodyFactory.&lt;init&gt;(MessageBodyFactory.java:247)
	at java.base/jdk.internal.reflect.NativeConstructorAccessorImpl.newInstance0(Native Method)
	at java.base/jdk.internal.reflect.NativeConstructorAccessorImpl.newInstance(NativeConstructorAccessorImpl.java:62)
	at java.base/jdk.internal.reflect.DelegatingConstructorAccessorImpl.newInstance(DelegatingConstructorAccessorImpl.java:45)
	at java.base/java.lang.reflect.Constructor.newInstance(Constructor.java:490)
	at org.glassfish.hk2.utilities.reflection.ReflectionHelper.makeMe(ReflectionHelper.java:1375)
	at org.jvnet.hk2.internal.ClazzCreator.createMe(ClazzCreator.java:272)
	at org.jvnet.hk2.internal.ClazzCreator.create(ClazzCreator.java:366)
	at org.jvnet.hk2.internal.SystemDescriptor.create(SystemDescriptor.java:487)
	at org.jvnet.hk2.internal.SingletonContext$1.compute(SingletonContext.java:83)
	at org.jvnet.hk2.internal.SingletonContext$1.compute(SingletonContext.java:71)
	at org.glassfish.hk2.utilities.cache.Cache$OriginThreadAwareFuture$1.call(Cache.java:97)
	at java.base/java.util.concurrent.FutureTask.run(FutureTask.java:264)
	at org.glassfish.hk2.utilities.cache.Cache$OriginThreadAwareFuture.run(Cache.java:154)
	at org.glassfish.hk2.utilities.cache.Cache.compute(Cache.java:199)
	at org.jvnet.hk2.internal.SingletonContext.findOrCreate(SingletonContext.java:122)
	at org.jvnet.hk2.internal.Utilities.createService(Utilities.java:2022)
	at org.jvnet.hk2.internal.ServiceLocatorImpl.internalGetService(ServiceLocatorImpl.java:774)
	at org.jvnet.hk2.internal.ServiceLocatorImpl.getUnqualifiedService(ServiceLocatorImpl.java:786)
	at org.jvnet.hk2.internal.IterableProviderImpl.get(IterableProviderImpl.java:111)
	at org.glassfish.jersey.client.RequestProcessingInitializationStage.apply(RequestProcessingInitializationStage.java:97)
	at org.glassfish.jersey.client.RequestProcessingInitializationStage.apply(RequestProcessingInitializationStage.java:67)
	at org.glassfish.jersey.process.internal.Stages$LinkedStage.apply(Stages.java:308)
	at org.glassfish.jersey.process.internal.Stages.process(Stages.java:171)
	at org.glassfish.jersey.client.ClientRuntime.invoke(ClientRuntime.java:252)
	at org.glassfish.jersey.client.JerseyInvocation$1.call(JerseyInvocation.java:684)
	at org.glassfish.jersey.client.JerseyInvocation$1.call(JerseyInvocation.java:681)
	at org.glassfish.jersey.internal.Errors.process(Errors.java:315)
	at org.glassfish.jersey.internal.Errors.process(Errors.java:297)
	at org.glassfish.jersey.internal.Errors.process(Errors.java:228)
	at org.glassfish.jersey.process.internal.RequestScope.runInScope(RequestScope.java:444)
	at org.glassfish.jersey.client.JerseyInvocation.invoke(JerseyInvocation.java:681)
	at org.glassfish.jersey.client.JerseyInvocation$Builder.method(JerseyInvocation.java:437)
	at org.glassfish.jersey.client.JerseyInvocation$Builder.put(JerseyInvocation.java:326)
	at com.saucelabs.example.util.ResultReporter.saveTestStatus(ResultReporter.java:25)
	at com.saucelabs.example.TestSetup.tearDown(TestSetup.java:97)
	at java.base/jdk.internal.reflect.NativeMethodAccessorImpl.invoke0(Native Method)
	at java.base/jdk.internal.reflect.NativeMethodAccessorImpl.invoke(NativeMethodAccessorImpl.java:62)
	at java.base/jdk.internal.reflect.DelegatingMethodAccessorImpl.invoke(DelegatingMethodAccessorImpl.java:43)
	at java.base/java.lang.reflect.Method.invoke(Method.java:566)
	at org.testng.internal.MethodInvocationHelper.invokeMethod(MethodInvocationHelper.java:104)
	at org.testng.internal.Invoker.invokeConfigurationMethod(Invoker.java:515)
	at org.testng.internal.Invoker.invokeConfigurations(Invoker.java:217)
	at org.testng.internal.Invoker.invokeMethod(Invoker.java:712)
	at org.testng.internal.Invoker.invokeTestMethod(Invoker.java:851)
	at org.testng.internal.TestMethodWithDataProviderMethodWorker.call(TestMethodWithDataProviderMethodWorker.java:75)
	at org.testng.internal.TestMethodWithDataProviderMethodWorker.call(TestMethodWithDataProviderMethodWorker.java:14)
	at java.base/java.util.concurrent.FutureTask.run(FutureTask.java:264)
	at java.base/java.util.concurrent.Executors$RunnableAdapter.call(Executors.java:515)
	at java.base/java.util.concurrent.FutureTask.run(FutureTask.java:264)
	at java.base/java.util.concurrent.ThreadPoolExecutor.runWorker(ThreadPoolExecutor.java:1128)
	at java.base/java.util.concurrent.ThreadPoolExecutor$Worker.run(ThreadPoolExecutor.java:628)
	at java.base/java.lang.Thread.run(Thread.java:834)

WARNING: HK2 service reification failed for [org.glassfish.jersey.message.internal.DataSourceProvider] with an exception:
MultiException stack 1 of 2
java.lang.NoClassDefFoundError: javax/activation/DataSource
	at java.base/java.lang.Class.getDeclaredConstructors0(Native Method)
	at java.base/java.lang.Class.privateGetDeclaredConstructors(Class.java:3138)
	at java.base/java.lang.Class.getDeclaredConstructors(Class.java:2358)
	at org.jvnet.hk2.internal.Utilities$3.run(Utilities.java:1308)
	at org.jvnet.hk2.internal.Utilities$3.run(Utilities.java:1304)
	at java.base/java.security.AccessController.doPrivileged(Native Method)
	at org.jvnet.hk2.internal.Utilities.getAllConstructors(Utilities.java:1304)
	at org.jvnet.hk2.internal.Utilities.findProducerConstructor(Utilities.java:1247)
	at org.jvnet.hk2.internal.DefaultClassAnalyzer.getConstructor(DefaultClassAnalyzer.java:83)
	at org.glassfish.jersey.internal.inject.JerseyClassAnalyzer.getConstructor(JerseyClassAnalyzer.java:144)
	at org.jvnet.hk2.internal.Utilities.getConstructor(Utilities.java:178)
	at org.jvnet.hk2.internal.ClazzCreator.initialize(ClazzCreator.java:129)
	at org.jvnet.hk2.internal.ClazzCreator.initialize(ClazzCreator.java:180)
	at org.jvnet.hk2.internal.SystemDescriptor.internalReify(SystemDescriptor.java:740)
	at org.jvnet.hk2.internal.SystemDescriptor.reify(SystemDescriptor.java:694)
	at org.jvnet.hk2.internal.ServiceLocatorImpl.reifyDescriptor(ServiceLocatorImpl.java:461)
	at org.jvnet.hk2.internal.ServiceLocatorImpl.narrow(ServiceLocatorImpl.java:2288)
	at org.jvnet.hk2.internal.ServiceLocatorImpl.access$1200(ServiceLocatorImpl.java:125)
	at org.jvnet.hk2.internal.ServiceLocatorImpl$9.compute(ServiceLocatorImpl.java:1373)
	at org.jvnet.hk2.internal.ServiceLocatorImpl$9.compute(ServiceLocatorImpl.java:1368)
	at org.glassfish.hk2.utilities.cache.internal.WeakCARCacheImpl.compute(WeakCARCacheImpl.java:116)
	at org.jvnet.hk2.internal.ServiceLocatorImpl.internalGetAllServiceHandles(ServiceLocatorImpl.java:1430)
	at org.jvnet.hk2.internal.ServiceLocatorImpl.getAllServiceHandles(ServiceLocatorImpl.java:1355)
	at org.jvnet.hk2.internal.ServiceLocatorImpl.getAllServiceHandles(ServiceLocatorImpl.java:1344)
	at org.glassfish.jersey.internal.inject.Providers.getServiceHandles(Providers.java:354)
	at org.glassfish.jersey.internal.inject.Providers.getCustomProviders(Providers.java:201)
	at org.glassfish.jersey.message.internal.MessageBodyFactory.&lt;init&gt;(MessageBodyFactory.java:247)
	at java.base/jdk.internal.reflect.NativeConstructorAccessorImpl.newInstance0(Native Method)
	at java.base/jdk.internal.reflect.NativeConstructorAccessorImpl.newInstance(NativeConstructorAccessorImpl.java:62)
	at java.base/jdk.internal.reflect.DelegatingConstructorAccessorImpl.newInstance(DelegatingConstructorAccessorImpl.java:45)
	at java.base/java.lang.reflect.Constructor.newInstance(Constructor.java:490)
	at org.glassfish.hk2.utilities.reflection.ReflectionHelper.makeMe(ReflectionHelper.java:1375)
	at org.jvnet.hk2.internal.ClazzCreator.createMe(ClazzCreator.java:272)
	at org.jvnet.hk2.internal.ClazzCreator.create(ClazzCreator.java:366)
	at org.jvnet.hk2.internal.SystemDescriptor.create(SystemDescriptor.java:487)
	at org.jvnet.hk2.internal.SingletonContext$1.compute(SingletonContext.java:83)
	at org.jvnet.hk2.internal.SingletonContext$1.compute(SingletonContext.java:71)
	at org.glassfish.hk2.utilities.cache.Cache$OriginThreadAwareFuture$1.call(Cache.java:97)
	at java.base/java.util.concurrent.FutureTask.run(FutureTask.java:264)
	at org.glassfish.hk2.utilities.cache.Cache$OriginThreadAwareFuture.run(Cache.java:154)
	at org.glassfish.hk2.utilities.cache.Cache.compute(Cache.java:199)
	at org.jvnet.hk2.internal.SingletonContext.findOrCreate(SingletonContext.java:122)
	at org.jvnet.hk2.internal.Utilities.createService(Utilities.java:2022)
	at org.jvnet.hk2.internal.ServiceLocatorImpl.internalGetService(ServiceLocatorImpl.java:774)
	at org.jvnet.hk2.internal.ServiceLocatorImpl.getUnqualifiedService(ServiceLocatorImpl.java:786)
	at org.jvnet.hk2.internal.IterableProviderImpl.get(IterableProviderImpl.java:111)
	at org.glassfish.jersey.client.RequestProcessingInitializationStage.apply(RequestProcessingInitializationStage.java:97)
	at org.glassfish.jersey.client.RequestProcessingInitializationStage.apply(RequestProcessingInitializationStage.java:67)
	at org.glassfish.jersey.process.internal.Stages$LinkedStage.apply(Stages.java:308)
	at org.glassfish.jersey.process.internal.Stages.process(Stages.java:171)
	at org.glassfish.jersey.client.ClientRuntime.invoke(ClientRuntime.java:252)
	at org.glassfish.jersey.client.JerseyInvocation$1.call(JerseyInvocation.java:684)
	at org.glassfish.jersey.client.JerseyInvocation$1.call(JerseyInvocation.java:681)
	at org.glassfish.jersey.internal.Errors.process(Errors.java:315)
	at org.glassfish.jersey.internal.Errors.process(Errors.java:297)
	at org.glassfish.jersey.internal.Errors.process(Errors.java:228)
	at org.glassfish.jersey.process.internal.RequestScope.runInScope(RequestScope.java:444)
	at org.glassfish.jersey.client.JerseyInvocation.invoke(JerseyInvocation.java:681)
	at org.glassfish.jersey.client.JerseyInvocation$Builder.method(JerseyInvocation.java:437)
	at org.glassfish.jersey.client.JerseyInvocation$Builder.put(JerseyInvocation.java:326)
	at com.saucelabs.example.util.ResultReporter.saveTestStatus(ResultReporter.java:25)
	at com.saucelabs.example.TestSetup.tearDown(TestSetup.java:97)
	at java.base/jdk.internal.reflect.NativeMethodAccessorImpl.invoke0(Native Method)
	at java.base/jdk.internal.reflect.NativeMethodAccessorImpl.invoke(NativeMethodAccessorImpl.java:62)
	at java.base/jdk.internal.reflect.DelegatingMethodAccessorImpl.invoke(DelegatingMethodAccessorImpl.java:43)
	at java.base/java.lang.reflect.Method.invoke(Method.java:566)
	at org.testng.internal.MethodInvocationHelper.invokeMethod(MethodInvocationHelper.java:104)
	at org.testng.internal.Invoker.invokeConfigurationMethod(Invoker.java:515)
	at org.testng.internal.Invoker.invokeConfigurations(Invoker.java:217)
	at org.testng.internal.Invoker.invokeMethod(Invoker.java:712)
	at org.testng.internal.Invoker.invokeTestMethod(Invoker.java:851)
	at org.testng.internal.TestMethodWithDataProviderMethodWorker.call(TestMethodWithDataProviderMethodWorker.java:75)
	at org.testng.internal.TestMethodWithDataProviderMethodWorker.call(TestMethodWithDataProviderMethodWorker.java:14)
	at java.base/java.util.concurrent.FutureTask.run(FutureTask.java:264)
	at java.base/java.util.concurrent.Executors$RunnableAdapter.call(Executors.java:515)
	at java.base/java.util.concurrent.FutureTask.run(FutureTask.java:264)
	at java.base/java.util.concurrent.ThreadPoolExecutor.runWorker(ThreadPoolExecutor.java:1128)
	at java.base/java.util.concurrent.ThreadPoolExecutor$Worker.run(ThreadPoolExecutor.java:628)
	at java.base/java.lang.Thread.run(Thread.java:834)
Caused by: java.lang.ClassNotFoundException: javax.activation.DataSource
	at java.base/jdk.internal.loader.BuiltinClassLoader.loadClass(BuiltinClassLoader.java:583)
	at java.base/jdk.internal.loader.ClassLoaders$AppClassLoader.loadClass(ClassLoaders.java:178)
	at java.base/java.lang.ClassLoader.loadClass(ClassLoader.java:521)
	... 79 more
MultiException stack 2 of 2
java.lang.IllegalArgumentException: Errors were discovered while reifying SystemDescriptor(
	implementation=org.glassfish.jersey.message.internal.DataSourceProvider
	contracts={javax.ws.rs.ext.MessageBodyReader,javax.ws.rs.ext.MessageBodyWriter}
	scope=javax.inject.Singleton
	qualifiers={}
	descriptorType=CLASS
	descriptorVisibility=NORMAL
	metadata=
	rank=0
	loader=org.glassfish.hk2.utilities.binding.AbstractBinder$2@db27473
	proxiable=null
	proxyForSameScope=null
	analysisName=null
	id=12
	locatorId=1
	identityHashCode=1948590554
	reified=false)
	at org.jvnet.hk2.internal.SystemDescriptor.reify(SystemDescriptor.java:705)
	at org.jvnet.hk2.internal.ServiceLocatorImpl.reifyDescriptor(ServiceLocatorImpl.java:461)
	at org.jvnet.hk2.internal.ServiceLocatorImpl.narrow(ServiceLocatorImpl.java:2288)
	at org.jvnet.hk2.internal.ServiceLocatorImpl.access$1200(ServiceLocatorImpl.java:125)
	at org.jvnet.hk2.internal.ServiceLocatorImpl$9.compute(ServiceLocatorImpl.java:1373)
	at org.jvnet.hk2.internal.ServiceLocatorImpl$9.compute(ServiceLocatorImpl.java:1368)
	at org.glassfish.hk2.utilities.cache.internal.WeakCARCacheImpl.compute(WeakCARCacheImpl.java:116)
	at org.jvnet.hk2.internal.ServiceLocatorImpl.internalGetAllServiceHandles(ServiceLocatorImpl.java:1430)
	at org.jvnet.hk2.internal.ServiceLocatorImpl.getAllServiceHandles(ServiceLocatorImpl.java:1355)
	at org.jvnet.hk2.internal.ServiceLocatorImpl.getAllServiceHandles(ServiceLocatorImpl.java:1344)
	at org.glassfish.jersey.internal.inject.Providers.getServiceHandles(Providers.java:354)
	at org.glassfish.jersey.internal.inject.Providers.getCustomProviders(Providers.java:201)
	at org.glassfish.jersey.message.internal.MessageBodyFactory.&lt;init&gt;(MessageBodyFactory.java:247)
	at java.base/jdk.internal.reflect.NativeConstructorAccessorImpl.newInstance0(Native Method)
	at java.base/jdk.internal.reflect.NativeConstructorAccessorImpl.newInstance(NativeConstructorAccessorImpl.java:62)
	at java.base/jdk.internal.reflect.DelegatingConstructorAccessorImpl.newInstance(DelegatingConstructorAccessorImpl.java:45)
	at java.base/java.lang.reflect.Constructor.newInstance(Constructor.java:490)
	at org.glassfish.hk2.utilities.reflection.ReflectionHelper.makeMe(ReflectionHelper.java:1375)
	at org.jvnet.hk2.internal.ClazzCreator.createMe(ClazzCreator.java:272)
	at org.jvnet.hk2.internal.ClazzCreator.create(ClazzCreator.java:366)
	at org.jvnet.hk2.internal.SystemDescriptor.create(SystemDescriptor.java:487)
	at org.jvnet.hk2.internal.SingletonContext$1.compute(SingletonContext.java:83)
	at org.jvnet.hk2.internal.SingletonContext$1.compute(SingletonContext.java:71)
	at org.glassfish.hk2.utilities.cache.Cache$OriginThreadAwareFuture$1.call(Cache.java:97)
	at java.base/java.util.concurrent.FutureTask.run(FutureTask.java:264)
	at org.glassfish.hk2.utilities.cache.Cache$OriginThreadAwareFuture.run(Cache.java:154)
	at org.glassfish.hk2.utilities.cache.Cache.compute(Cache.java:199)
	at org.jvnet.hk2.internal.SingletonContext.findOrCreate(SingletonContext.java:122)
	at org.jvnet.hk2.internal.Utilities.createService(Utilities.java:2022)
	at org.jvnet.hk2.internal.ServiceLocatorImpl.internalGetService(ServiceLocatorImpl.java:774)
	at org.jvnet.hk2.internal.ServiceLocatorImpl.getUnqualifiedService(ServiceLocatorImpl.java:786)
	at org.jvnet.hk2.internal.IterableProviderImpl.get(IterableProviderImpl.java:111)
	at org.glassfish.jersey.client.RequestProcessingInitializationStage.apply(RequestProcessingInitializationStage.java:97)
	at org.glassfish.jersey.client.RequestProcessingInitializationStage.apply(RequestProcessingInitializationStage.java:67)
	at org.glassfish.jersey.process.internal.Stages$LinkedStage.apply(Stages.java:308)
	at org.glassfish.jersey.process.internal.Stages.process(Stages.java:171)
	at org.glassfish.jersey.client.ClientRuntime.invoke(ClientRuntime.java:252)
	at org.glassfish.jersey.client.JerseyInvocation$1.call(JerseyInvocation.java:684)
	at org.glassfish.jersey.client.JerseyInvocation$1.call(JerseyInvocation.java:681)
	at org.glassfish.jersey.internal.Errors.process(Errors.java:315)
	at org.glassfish.jersey.internal.Errors.process(Errors.java:297)
	at org.glassfish.jersey.internal.Errors.process(Errors.java:228)
	at org.glassfish.jersey.process.internal.RequestScope.runInScope(RequestScope.java:444)
	at org.glassfish.jersey.client.JerseyInvocation.invoke(JerseyInvocation.java:681)
	at org.glassfish.jersey.client.JerseyInvocation$Builder.method(JerseyInvocation.java:437)
	at org.glassfish.jersey.client.JerseyInvocation$Builder.put(JerseyInvocation.java:326)
	at com.saucelabs.example.util.ResultReporter.saveTestStatus(ResultReporter.java:25)
	at com.saucelabs.example.TestSetup.tearDown(TestSetup.java:97)
	at java.base/jdk.internal.reflect.NativeMethodAccessorImpl.invoke0(Native Method)
	at java.base/jdk.internal.reflect.NativeMethodAccessorImpl.invoke(NativeMethodAccessorImpl.java:62)
	at java.base/jdk.internal.reflect.DelegatingMethodAccessorImpl.invoke(DelegatingMethodAccessorImpl.java:43)
	at java.base/java.lang.reflect.Method.invoke(Method.java:566)
	at org.testng.internal.MethodInvocationHelper.invokeMethod(MethodInvocationHelper.java:104)
	at org.testng.internal.Invoker.invokeConfigurationMethod(Invoker.java:515)
	at org.testng.internal.Invoker.invokeConfigurations(Invoker.java:217)
	at org.testng.internal.Invoker.invokeMethod(Invoker.java:712)
	at org.testng.internal.Invoker.invokeTestMethod(Invoker.java:851)
	at org.testng.internal.TestMethodWithDataProviderMethodWorker.call(TestMethodWithDataProviderMethodWorker.java:75)
	at org.testng.internal.TestMethodWithDataProviderMethodWorker.call(TestMethodWithDataProviderMethodWorker.java:14)
	at java.base/java.util.concurrent.FutureTask.run(FutureTask.java:264)
	at java.base/java.util.concurrent.Executors$RunnableAdapter.call(Executors.java:515)
	at java.base/java.util.concurrent.FutureTask.run(FutureTask.java:264)
	at java.base/java.util.concurrent.ThreadPoolExecutor.runWorker(ThreadPoolExecutor.java:1128)
	at java.base/java.util.concurrent.ThreadPoolExecutor$Worker.run(ThreadPoolExecutor.java:628)
	at java.base/java.lang.Thread.run(Thread.java:834)

WARNING: HK2 service reification failed for [org.glassfish.jersey.message.internal.DataSourceProvider] with an exception:
MultiException stack 1 of 2
java.lang.NoClassDefFoundError: javax/activation/DataSource
	at java.base/java.lang.Class.getDeclaredConstructors0(Native Method)
	at java.base/java.lang.Class.privateGetDeclaredConstructors(Class.java:3138)
	at java.base/java.lang.Class.getDeclaredConstructors(Class.java:2358)
	at org.jvnet.hk2.internal.Utilities$3.run(Utilities.java:1308)
	at org.jvnet.hk2.internal.Utilities$3.run(Utilities.java:1304)
	at java.base/java.security.AccessController.doPrivileged(Native Method)
	at org.jvnet.hk2.internal.Utilities.getAllConstructors(Utilities.java:1304)
	at org.jvnet.hk2.internal.Utilities.findProducerConstructor(Utilities.java:1247)
	at org.jvnet.hk2.internal.DefaultClassAnalyzer.getConstructor(DefaultClassAnalyzer.java:83)
	at org.glassfish.jersey.internal.inject.JerseyClassAnalyzer.getConstructor(JerseyClassAnalyzer.java:144)
	at org.jvnet.hk2.internal.Utilities.getConstructor(Utilities.java:178)
	at org.jvnet.hk2.internal.ClazzCreator.initialize(ClazzCreator.java:129)
	at org.jvnet.hk2.internal.ClazzCreator.initialize(ClazzCreator.java:180)
	at org.jvnet.hk2.internal.SystemDescriptor.internalReify(SystemDescriptor.java:740)
	at org.jvnet.hk2.internal.SystemDescriptor.reify(SystemDescriptor.java:694)
	at org.jvnet.hk2.internal.ServiceLocatorImpl.reifyDescriptor(ServiceLocatorImpl.java:461)
	at org.jvnet.hk2.internal.ServiceLocatorImpl.narrow(ServiceLocatorImpl.java:2288)
	at org.jvnet.hk2.internal.ServiceLocatorImpl.access$1200(ServiceLocatorImpl.java:125)
	at org.jvnet.hk2.internal.ServiceLocatorImpl$9.compute(ServiceLocatorImpl.java:1373)
	at org.jvnet.hk2.internal.ServiceLocatorImpl$9.compute(ServiceLocatorImpl.java:1368)
	at org.glassfish.hk2.utilities.cache.internal.WeakCARCacheImpl.compute(WeakCARCacheImpl.java:116)
	at org.jvnet.hk2.internal.ServiceLocatorImpl.internalGetAllServiceHandles(ServiceLocatorImpl.java:1430)
	at org.jvnet.hk2.internal.ServiceLocatorImpl.getAllServiceHandles(ServiceLocatorImpl.java:1355)
	at org.jvnet.hk2.internal.ServiceLocatorImpl.getAllServiceHandles(ServiceLocatorImpl.java:1344)
	at org.glassfish.jersey.internal.inject.Providers.getServiceHandles(Providers.java:354)
	at org.glassfish.jersey.internal.inject.Providers.getProviders(Providers.java:187)
	at org.glassfish.jersey.message.internal.MessageBodyFactory.&lt;init&gt;(MessageBodyFactory.java:248)
	at java.base/jdk.internal.reflect.NativeConstructorAccessorImpl.newInstance0(Native Method)
	at java.base/jdk.internal.reflect.NativeConstructorAccessorImpl.newInstance(NativeConstructorAccessorImpl.java:62)
	at java.base/jdk.internal.reflect.DelegatingConstructorAccessorImpl.newInstance(DelegatingConstructorAccessorImpl.java:45)
	at java.base/java.lang.reflect.Constructor.newInstance(Constructor.java:490)
	at org.glassfish.hk2.utilities.reflection.ReflectionHelper.makeMe(ReflectionHelper.java:1375)
	at org.jvnet.hk2.internal.ClazzCreator.createMe(ClazzCreator.java:272)
	at org.jvnet.hk2.internal.ClazzCreator.create(ClazzCreator.java:366)
	at org.jvnet.hk2.internal.SystemDescriptor.create(SystemDescriptor.java:487)
	at org.jvnet.hk2.internal.SingletonContext$1.compute(SingletonContext.java:83)
	at org.jvnet.hk2.internal.SingletonContext$1.compute(SingletonContext.java:71)
	at org.glassfish.hk2.utilities.cache.Cache$OriginThreadAwareFuture$1.call(Cache.java:97)
	at java.base/java.util.concurrent.FutureTask.run(FutureTask.java:264)
	at org.glassfish.hk2.utilities.cache.Cache$OriginThreadAwareFuture.run(Cache.java:154)
	at org.glassfish.hk2.utilities.cache.Cache.compute(Cache.java:199)
	at org.jvnet.hk2.internal.SingletonContext.findOrCreate(SingletonContext.java:122)
	at org.jvnet.hk2.internal.Utilities.createService(Utilities.java:2022)
	at org.jvnet.hk2.internal.ServiceLocatorImpl.internalGetService(ServiceLocatorImpl.java:774)
	at org.jvnet.hk2.internal.ServiceLocatorImpl.getUnqualifiedService(ServiceLocatorImpl.java:786)
	at org.jvnet.hk2.internal.IterableProviderImpl.get(IterableProviderImpl.java:111)
	at org.glassfish.jersey.client.RequestProcessingInitializationStage.apply(RequestProcessingInitializationStage.java:97)
	at org.glassfish.jersey.client.RequestProcessingInitializationStage.apply(RequestProcessingInitializationStage.java:67)
	at org.glassfish.jersey.process.internal.Stages$LinkedStage.apply(Stages.java:308)
	at org.glassfish.jersey.process.internal.Stages.process(Stages.java:171)
	at org.glassfish.jersey.client.ClientRuntime.invoke(ClientRuntime.java:252)
	at org.glassfish.jersey.client.JerseyInvocation$1.call(JerseyInvocation.java:684)
	at org.glassfish.jersey.client.JerseyInvocation$1.call(JerseyInvocation.java:681)
	at org.glassfish.jersey.internal.Errors.process(Errors.java:315)
	at org.glassfish.jersey.internal.Errors.process(Errors.java:297)
	at org.glassfish.jersey.internal.Errors.process(Errors.java:228)
	at org.glassfish.jersey.process.internal.RequestScope.runInScope(RequestScope.java:444)
	at org.glassfish.jersey.client.JerseyInvocation.invoke(JerseyInvocation.java:681)
	at org.glassfish.jersey.client.JerseyInvocation$Builder.method(JerseyInvocation.java:437)
	at org.glassfish.jersey.client.JerseyInvocation$Builder.put(JerseyInvocation.java:326)
	at com.saucelabs.example.util.ResultReporter.saveTestStatus(ResultReporter.java:25)
	at com.saucelabs.example.TestSetup.tearDown(TestSetup.java:97)
	at java.base/jdk.internal.reflect.NativeMethodAccessorImpl.invoke0(Native Method)
	at java.base/jdk.internal.reflect.NativeMethodAccessorImpl.invoke(NativeMethodAccessorImpl.java:62)
	at java.base/jdk.internal.reflect.DelegatingMethodAccessorImpl.invoke(DelegatingMethodAccessorImpl.java:43)
	at java.base/java.lang.reflect.Method.invoke(Method.java:566)
	at org.testng.internal.MethodInvocationHelper.invokeMethod(MethodInvocationHelper.java:104)
	at org.testng.internal.Invoker.invokeConfigurationMethod(Invoker.java:515)
	at org.testng.internal.Invoker.invokeConfigurations(Invoker.java:217)
	at org.testng.internal.Invoker.invokeMethod(Invoker.java:712)
	at org.testng.internal.Invoker.invokeTestMethod(Invoker.java:851)
	at org.testng.internal.TestMethodWithDataProviderMethodWorker.call(TestMethodWithDataProviderMethodWorker.java:75)
	at org.testng.internal.TestMethodWithDataProviderMethodWorker.call(TestMethodWithDataProviderMethodWorker.java:14)
	at java.base/java.util.concurrent.FutureTask.run(FutureTask.java:264)
	at java.base/java.util.concurrent.Executors$RunnableAdapter.call(Executors.java:515)
	at java.base/java.util.concurrent.FutureTask.run(FutureTask.java:264)
	at java.base/java.util.concurrent.ThreadPoolExecutor.runWorker(ThreadPoolExecutor.java:1128)
	at java.base/java.util.concurrent.ThreadPoolExecutor$Worker.run(ThreadPoolExecutor.java:628)
	at java.base/java.lang.Thread.run(Thread.java:834)
Caused by: java.lang.ClassNotFoundException: javax.activation.DataSource
	at java.base/jdk.internal.loader.BuiltinClassLoader.loadClass(BuiltinClassLoader.java:583)
	at java.base/jdk.internal.loader.ClassLoaders$AppClassLoader.loadClass(ClassLoaders.java:178)
	at java.base/java.lang.ClassLoader.loadClass(ClassLoader.java:521)
	... 79 more
MultiException stack 2 of 2
java.lang.IllegalArgumentException: Errors were discovered while reifying SystemDescriptor(
	implementation=org.glassfish.jersey.message.internal.DataSourceProvider
	contracts={javax.ws.rs.ext.MessageBodyReader,javax.ws.rs.ext.MessageBodyWriter}
	scope=javax.inject.Singleton
	qualifiers={}
	descriptorType=CLASS
	descriptorVisibility=NORMAL
	metadata=
	rank=0
	loader=org.glassfish.hk2.utilities.binding.AbstractBinder$2@db27473
	proxiable=null
	proxyForSameScope=null
	analysisName=null
	id=12
	locatorId=1
	identityHashCode=1948590554
	reified=false)
	at org.jvnet.hk2.internal.SystemDescriptor.reify(SystemDescriptor.java:705)
	at org.jvnet.hk2.internal.ServiceLocatorImpl.reifyDescriptor(ServiceLocatorImpl.java:461)
	at org.jvnet.hk2.internal.ServiceLocatorImpl.narrow(ServiceLocatorImpl.java:2288)
	at org.jvnet.hk2.internal.ServiceLocatorImpl.access$1200(ServiceLocatorImpl.java:125)
	at org.jvnet.hk2.internal.ServiceLocatorImpl$9.compute(ServiceLocatorImpl.java:1373)
	at org.jvnet.hk2.internal.ServiceLocatorImpl$9.compute(ServiceLocatorImpl.java:1368)
	at org.glassfish.hk2.utilities.cache.internal.WeakCARCacheImpl.compute(WeakCARCacheImpl.java:116)
	at org.jvnet.hk2.internal.ServiceLocatorImpl.internalGetAllServiceHandles(ServiceLocatorImpl.java:1430)
	at org.jvnet.hk2.internal.ServiceLocatorImpl.getAllServiceHandles(ServiceLocatorImpl.java:1355)
	at org.jvnet.hk2.internal.ServiceLocatorImpl.getAllServiceHandles(ServiceLocatorImpl.java:1344)
	at org.glassfish.jersey.internal.inject.Providers.getServiceHandles(Providers.java:354)
	at org.glassfish.jersey.internal.inject.Providers.getProviders(Providers.java:187)
	at org.glassfish.jersey.message.internal.MessageBodyFactory.&lt;init&gt;(MessageBodyFactory.java:248)
	at java.base/jdk.internal.reflect.NativeConstructorAccessorImpl.newInstance0(Native Method)
	at java.base/jdk.internal.reflect.NativeConstructorAccessorImpl.newInstance(NativeConstructorAccessorImpl.java:62)
	at java.base/jdk.internal.reflect.DelegatingConstructorAccessorImpl.newInstance(DelegatingConstructorAccessorImpl.java:45)
	at java.base/java.lang.reflect.Constructor.newInstance(Constructor.java:490)
	at org.glassfish.hk2.utilities.reflection.ReflectionHelper.makeMe(ReflectionHelper.java:1375)
	at org.jvnet.hk2.internal.ClazzCreator.createMe(ClazzCreator.java:272)
	at org.jvnet.hk2.internal.ClazzCreator.create(ClazzCreator.java:366)
	at org.jvnet.hk2.internal.SystemDescriptor.create(SystemDescriptor.java:487)
	at org.jvnet.hk2.internal.SingletonContext$1.compute(SingletonContext.java:83)
	at org.jvnet.hk2.internal.SingletonContext$1.compute(SingletonContext.java:71)
	at org.glassfish.hk2.utilities.cache.Cache$OriginThreadAwareFuture$1.call(Cache.java:97)
	at java.base/java.util.concurrent.FutureTask.run(FutureTask.java:264)
	at org.glassfish.hk2.utilities.cache.Cache$OriginThreadAwareFuture.run(Cache.java:154)
	at org.glassfish.hk2.utilities.cache.Cache.compute(Cache.java:199)
	at org.jvnet.hk2.internal.SingletonContext.findOrCreate(SingletonContext.java:122)
	at org.jvnet.hk2.internal.Utilities.createService(Utilities.java:2022)
	at org.jvnet.hk2.internal.ServiceLocatorImpl.internalGetService(ServiceLocatorImpl.java:774)
	at org.jvnet.hk2.internal.ServiceLocatorImpl.getUnqualifiedService(ServiceLocatorImpl.java:786)
	at org.jvnet.hk2.internal.IterableProviderImpl.get(IterableProviderImpl.java:111)
	at org.glassfish.jersey.client.RequestProcessingInitializationStage.apply(RequestProcessingInitializationStage.java:97)
	at org.glassfish.jersey.client.RequestProcessingInitializationStage.apply(RequestProcessingInitializationStage.java:67)
	at org.glassfish.jersey.process.internal.Stages$LinkedStage.apply(Stages.java:308)
	at org.glassfish.jersey.process.internal.Stages.process(Stages.java:171)
	at org.glassfish.jersey.client.ClientRuntime.invoke(ClientRuntime.java:252)
	at org.glassfish.jersey.client.JerseyInvocation$1.call(JerseyInvocation.java:684)
	at org.glassfish.jersey.client.JerseyInvocation$1.call(JerseyInvocation.java:681)
	at org.glassfish.jersey.internal.Errors.process(Errors.java:315)
	at org.glassfish.jersey.internal.Errors.process(Errors.java:297)
	at org.glassfish.jersey.internal.Errors.process(Errors.java:228)
	at org.glassfish.jersey.process.internal.RequestScope.runInScope(RequestScope.java:444)
	at org.glassfish.jersey.client.JerseyInvocation.invoke(JerseyInvocation.java:681)
	at org.glassfish.jersey.client.JerseyInvocation$Builder.method(JerseyInvocation.java:437)
	at org.glassfish.jersey.client.JerseyInvocation$Builder.put(JerseyInvocation.java:326)
	at com.saucelabs.example.util.ResultReporter.saveTestStatus(ResultReporter.java:25)
	at com.saucelabs.example.TestSetup.tearDown(TestSetup.java:97)
	at java.base/jdk.internal.reflect.NativeMethodAccessorImpl.invoke0(Native Method)
	at java.base/jdk.internal.reflect.NativeMethodAccessorImpl.invoke(NativeMethodAccessorImpl.java:62)
	at java.base/jdk.internal.reflect.DelegatingMethodAccessorImpl.invoke(DelegatingMethodAccessorImpl.java:43)
	at java.base/java.lang.reflect.Method.invoke(Method.java:566)
	at org.testng.internal.MethodInvocationHelper.invokeMethod(MethodInvocationHelper.java:104)
	at org.testng.internal.Invoker.invokeConfigurationMethod(Invoker.java:515)
	at org.testng.internal.Invoker.invokeConfigurations(Invoker.java:217)
	at org.testng.internal.Invoker.invokeMethod(Invoker.java:712)
	at org.testng.internal.Invoker.invokeTestMethod(Invoker.java:851)
	at org.testng.internal.TestMethodWithDataProviderMethodWorker.call(TestMethodWithDataProviderMethodWorker.java:75)
	at org.testng.internal.TestMethodWithDataProviderMethodWorker.call(TestMethodWithDataProviderMethodWorker.java:14)
	at java.base/java.util.concurrent.FutureTask.run(FutureTask.java:264)
	at java.base/java.util.concurrent.Executors$RunnableAdapter.call(Executors.java:515)
	at java.base/java.util.concurrent.FutureTask.run(FutureTask.java:264)
	at java.base/java.util.concurrent.ThreadPoolExecutor.runWorker(ThreadPoolExecutor.java:1128)
	at java.base/java.util.concurrent.ThreadPoolExecutor$Worker.run(ThreadPoolExecutor.java:628)
	at java.base/java.lang.Thread.run(Thread.java:834)

WARNING: HK2 service reification failed for [org.glassfish.jersey.message.internal.DataSourceProvider] with an exception:
MultiException stack 1 of 2
java.lang.NoClassDefFoundError: javax/activation/DataSource
	at java.base/java.lang.Class.getDeclaredConstructors0(Native Method)
	at java.base/java.lang.Class.privateGetDeclaredConstructors(Class.java:3138)
	at java.base/java.lang.Class.getDeclaredConstructors(Class.java:2358)
	at org.jvnet.hk2.internal.Utilities$3.run(Utilities.java:1308)
	at org.jvnet.hk2.internal.Utilities$3.run(Utilities.java:1304)
	at java.base/java.security.AccessController.doPrivileged(Native Method)
	at org.jvnet.hk2.internal.Utilities.getAllConstructors(Utilities.java:1304)
	at org.jvnet.hk2.internal.Utilities.findProducerConstructor(Utilities.java:1247)
	at org.jvnet.hk2.internal.DefaultClassAnalyzer.getConstructor(DefaultClassAnalyzer.java:83)
	at org.glassfish.jersey.internal.inject.JerseyClassAnalyzer.getConstructor(JerseyClassAnalyzer.java:144)
	at org.jvnet.hk2.internal.Utilities.getConstructor(Utilities.java:178)
	at org.jvnet.hk2.internal.ClazzCreator.initialize(ClazzCreator.java:129)
	at org.jvnet.hk2.internal.ClazzCreator.initialize(ClazzCreator.java:180)
	at org.jvnet.hk2.internal.SystemDescriptor.internalReify(SystemDescriptor.java:740)
	at org.jvnet.hk2.internal.SystemDescriptor.reify(SystemDescriptor.java:694)
	at org.jvnet.hk2.internal.ServiceLocatorImpl.reifyDescriptor(ServiceLocatorImpl.java:461)
	at org.jvnet.hk2.internal.ServiceLocatorImpl.narrow(ServiceLocatorImpl.java:2288)
	at org.jvnet.hk2.internal.ServiceLocatorImpl.access$1200(ServiceLocatorImpl.java:125)
	at org.jvnet.hk2.internal.ServiceLocatorImpl$9.compute(ServiceLocatorImpl.java:1373)
	at org.jvnet.hk2.internal.ServiceLocatorImpl$9.compute(ServiceLocatorImpl.java:1368)
	at org.glassfish.hk2.utilities.cache.internal.WeakCARCacheImpl.compute(WeakCARCacheImpl.java:116)
	at org.jvnet.hk2.internal.ServiceLocatorImpl.internalGetAllServiceHandles(ServiceLocatorImpl.java:1430)
	at org.jvnet.hk2.internal.ServiceLocatorImpl.getAllServiceHandles(ServiceLocatorImpl.java:1355)
	at org.jvnet.hk2.internal.ServiceLocatorImpl.getAllServiceHandles(ServiceLocatorImpl.java:1344)
	at org.glassfish.jersey.internal.inject.Providers.getServiceHandles(Providers.java:354)
	at org.glassfish.jersey.internal.inject.Providers.getProviders(Providers.java:187)
	at org.glassfish.jersey.message.internal.MessageBodyFactory.&lt;init&gt;(MessageBodyFactory.java:248)
	at java.base/jdk.internal.reflect.NativeConstructorAccessorImpl.newInstance0(Native Method)
	at java.base/jdk.internal.reflect.NativeConstructorAccessorImpl.newInstance(NativeConstructorAccessorImpl.java:62)
	at java.base/jdk.internal.reflect.DelegatingConstructorAccessorImpl.newInstance(DelegatingConstructorAccessorImpl.java:45)
	at java.base/java.lang.reflect.Constructor.newInstance(Constructor.java:490)
	at org.glassfish.hk2.utilities.reflection.ReflectionHelper.makeMe(ReflectionHelper.java:1375)
	at org.jvnet.hk2.internal.ClazzCreator.createMe(ClazzCreator.java:272)
	at org.jvnet.hk2.internal.ClazzCreator.create(ClazzCreator.java:366)
	at org.jvnet.hk2.internal.SystemDescriptor.create(SystemDescriptor.java:487)
	at org.jvnet.hk2.internal.SingletonContext$1.compute(SingletonContext.java:83)
	at org.jvnet.hk2.internal.SingletonContext$1.compute(SingletonContext.java:71)
	at org.glassfish.hk2.utilities.cache.Cache$OriginThreadAwareFuture$1.call(Cache.java:97)
	at java.base/java.util.concurrent.FutureTask.run(FutureTask.java:264)
	at org.glassfish.hk2.utilities.cache.Cache$OriginThreadAwareFuture.run(Cache.java:154)
	at org.glassfish.hk2.utilities.cache.Cache.compute(Cache.java:199)
	at org.jvnet.hk2.internal.SingletonContext.findOrCreate(SingletonContext.java:122)
	at org.jvnet.hk2.internal.Utilities.createService(Utilities.java:2022)
	at org.jvnet.hk2.internal.ServiceLocatorImpl.internalGetService(ServiceLocatorImpl.java:774)
	at org.jvnet.hk2.internal.ServiceLocatorImpl.getUnqualifiedService(ServiceLocatorImpl.java:786)
	at org.jvnet.hk2.internal.IterableProviderImpl.get(IterableProviderImpl.java:111)
	at org.glassfish.jersey.client.RequestProcessingInitializationStage.apply(RequestProcessingInitializationStage.java:97)
	at org.glassfish.jersey.client.RequestProcessingInitializationStage.apply(RequestProcessingInitializationStage.java:67)
	at org.glassfish.jersey.process.internal.Stages$LinkedStage.apply(Stages.java:308)
	at org.glassfish.jersey.process.internal.Stages.process(Stages.java:171)
	at org.glassfish.jersey.client.ClientRuntime.invoke(ClientRuntime.java:252)
	at org.glassfish.jersey.client.JerseyInvocation$1.call(JerseyInvocation.java:684)
	at org.glassfish.jersey.client.JerseyInvocation$1.call(JerseyInvocation.java:681)
	at org.glassfish.jersey.internal.Errors.process(Errors.java:315)
	at org.glassfish.jersey.internal.Errors.process(Errors.java:297)
	at org.glassfish.jersey.internal.Errors.process(Errors.java:228)
	at org.glassfish.jersey.process.internal.RequestScope.runInScope(RequestScope.java:444)
	at org.glassfish.jersey.client.JerseyInvocation.invoke(JerseyInvocation.java:681)
	at org.glassfish.jersey.client.JerseyInvocation$Builder.method(JerseyInvocation.java:437)
	at org.glassfish.jersey.client.JerseyInvocation$Builder.put(JerseyInvocation.java:326)
	at com.saucelabs.example.util.ResultReporter.saveTestStatus(ResultReporter.java:25)
	at com.saucelabs.example.TestSetup.tearDown(TestSetup.java:97)
	at java.base/jdk.internal.reflect.NativeMethodAccessorImpl.invoke0(Native Method)
	at java.base/jdk.internal.reflect.NativeMethodAccessorImpl.invoke(NativeMethodAccessorImpl.java:62)
	at java.base/jdk.internal.reflect.DelegatingMethodAccessorImpl.invoke(DelegatingMethodAccessorImpl.java:43)
	at java.base/java.lang.reflect.Method.invoke(Method.java:566)
	at org.testng.internal.MethodInvocationHelper.invokeMethod(MethodInvocationHelper.java:104)
	at org.testng.internal.Invoker.invokeConfigurationMethod(Invoker.java:515)
	at org.testng.internal.Invoker.invokeConfigurations(Invoker.java:217)
	at org.testng.internal.Invoker.invokeMethod(Invoker.java:712)
	at org.testng.internal.Invoker.invokeTestMethod(Invoker.java:851)
	at org.testng.internal.TestMethodWithDataProviderMethodWorker.call(TestMethodWithDataProviderMethodWorker.java:75)
	at org.testng.internal.TestMethodWithDataProviderMethodWorker.call(TestMethodWithDataProviderMethodWorker.java:14)
	at java.base/java.util.concurrent.FutureTask.run(FutureTask.java:264)
	at java.base/java.util.concurrent.Executors$RunnableAdapter.call(Executors.java:515)
	at java.base/java.util.concurrent.FutureTask.run(FutureTask.java:264)
	at java.base/java.util.concurrent.ThreadPoolExecutor.runWorker(ThreadPoolExecutor.java:1128)
	at java.base/java.util.concurrent.ThreadPoolExecutor$Worker.run(ThreadPoolExecutor.java:628)
	at java.base/java.lang.Thread.run(Thread.java:834)
Caused by: java.lang.ClassNotFoundException: javax.activation.DataSource
	at java.base/jdk.internal.loader.BuiltinClassLoader.loadClass(BuiltinClassLoader.java:583)
	at java.base/jdk.internal.loader.ClassLoaders$AppClassLoader.loadClass(ClassLoaders.java:178)
	at java.base/java.lang.ClassLoader.loadClass(ClassLoader.java:521)
	... 79 more
MultiException stack 2 of 2
java.lang.IllegalArgumentException: Errors were discovered while reifying SystemDescriptor(
	implementation=org.glassfish.jersey.message.internal.DataSourceProvider
	contracts={javax.ws.rs.ext.MessageBodyReader,javax.ws.rs.ext.MessageBodyWriter}
	scope=javax.inject.Singleton
	qualifiers={}
	descriptorType=CLASS
	descriptorVisibility=NORMAL
	metadata=
	rank=0
	loader=org.glassfish.hk2.utilities.binding.AbstractBinder$2@db27473
	proxiable=null
	proxyForSameScope=null
	analysisName=null
	id=12
	locatorId=1
	identityHashCode=1948590554
	reified=false)
	at org.jvnet.hk2.internal.SystemDescriptor.reify(SystemDescriptor.java:705)
	at org.jvnet.hk2.internal.ServiceLocatorImpl.reifyDescriptor(ServiceLocatorImpl.java:461)
	at org.jvnet.hk2.internal.ServiceLocatorImpl.narrow(ServiceLocatorImpl.java:2288)
	at org.jvnet.hk2.internal.ServiceLocatorImpl.access$1200(ServiceLocatorImpl.java:125)
	at org.jvnet.hk2.internal.ServiceLocatorImpl$9.compute(ServiceLocatorImpl.java:1373)
	at org.jvnet.hk2.internal.ServiceLocatorImpl$9.compute(ServiceLocatorImpl.java:1368)
	at org.glassfish.hk2.utilities.cache.internal.WeakCARCacheImpl.compute(WeakCARCacheImpl.java:116)
	at org.jvnet.hk2.internal.ServiceLocatorImpl.internalGetAllServiceHandles(ServiceLocatorImpl.java:1430)
	at org.jvnet.hk2.internal.ServiceLocatorImpl.getAllServiceHandles(ServiceLocatorImpl.java:1355)
	at org.jvnet.hk2.internal.ServiceLocatorImpl.getAllServiceHandles(ServiceLocatorImpl.java:1344)
	at org.glassfish.jersey.internal.inject.Providers.getServiceHandles(Providers.java:354)
	at org.glassfish.jersey.internal.inject.Providers.getProviders(Providers.java:187)
	at org.glassfish.jersey.message.internal.MessageBodyFactory.&lt;init&gt;(MessageBodyFactory.java:248)
	at java.base/jdk.internal.reflect.NativeConstructorAccessorImpl.newInstance0(Native Method)
	at java.base/jdk.internal.reflect.NativeConstructorAccessorImpl.newInstance(NativeConstructorAccessorImpl.java:62)
	at java.base/jdk.internal.reflect.DelegatingConstructorAccessorImpl.newInstance(DelegatingConstructorAccessorImpl.java:45)
	at java.base/java.lang.reflect.Constructor.newInstance(Constructor.java:490)
	at org.glassfish.hk2.utilities.reflection.ReflectionHelper.makeMe(ReflectionHelper.java:1375)
	at org.jvnet.hk2.internal.ClazzCreator.createMe(ClazzCreator.java:272)
	at org.jvnet.hk2.internal.ClazzCreator.create(ClazzCreator.java:366)
	at org.jvnet.hk2.internal.SystemDescriptor.create(SystemDescriptor.java:487)
	at org.jvnet.hk2.internal.SingletonContext$1.compute(SingletonContext.java:83)
	at org.jvnet.hk2.internal.SingletonContext$1.compute(SingletonContext.java:71)
	at org.glassfish.hk2.utilities.cache.Cache$OriginThreadAwareFuture$1.call(Cache.java:97)
	at java.base/java.util.concurrent.FutureTask.run(FutureTask.java:264)
	at org.glassfish.hk2.utilities.cache.Cache$OriginThreadAwareFuture.run(Cache.java:154)
	at org.glassfish.hk2.utilities.cache.Cache.compute(Cache.java:199)
	at org.jvnet.hk2.internal.SingletonContext.findOrCreate(SingletonContext.java:122)
	at org.jvnet.hk2.internal.Utilities.createService(Utilities.java:2022)
	at org.jvnet.hk2.internal.ServiceLocatorImpl.internalGetService(ServiceLocatorImpl.java:774)
	at org.jvnet.hk2.internal.ServiceLocatorImpl.getUnqualifiedService(ServiceLocatorImpl.java:786)
	at org.jvnet.hk2.internal.IterableProviderImpl.get(IterableProviderImpl.java:111)
	at org.glassfish.jersey.client.RequestProcessingInitializationStage.apply(RequestProcessingInitializationStage.java:97)
	at org.glassfish.jersey.client.RequestProcessingInitializationStage.apply(RequestProcessingInitializationStage.java:67)
	at org.glassfish.jersey.process.internal.Stages$LinkedStage.apply(Stages.java:308)
	at org.glassfish.jersey.process.internal.Stages.process(Stages.java:171)
	at org.glassfish.jersey.client.ClientRuntime.invoke(ClientRuntime.java:252)
	at org.glassfish.jersey.client.JerseyInvocation$1.call(JerseyInvocation.java:684)
	at org.glassfish.jersey.client.JerseyInvocation$1.call(JerseyInvocation.java:681)
	at org.glassfish.jersey.internal.Errors.process(Errors.java:315)
	at org.glassfish.jersey.internal.Errors.process(Errors.java:297)
	at org.glassfish.jersey.internal.Errors.process(Errors.java:228)
	at org.glassfish.jersey.process.internal.RequestScope.runInScope(RequestScope.java:444)
	at org.glassfish.jersey.client.JerseyInvocation.invoke(JerseyInvocation.java:681)
	at org.glassfish.jersey.client.JerseyInvocation$Builder.method(JerseyInvocation.java:437)
	at org.glassfish.jersey.client.JerseyInvocation$Builder.put(JerseyInvocation.java:326)
	at com.saucelabs.example.util.ResultReporter.saveTestStatus(ResultReporter.java:25)
	at com.saucelabs.example.TestSetup.tearDown(TestSetup.java:97)
	at java.base/jdk.internal.reflect.NativeMethodAccessorImpl.invoke0(Native Method)
	at java.base/jdk.internal.reflect.NativeMethodAccessorImpl.invoke(NativeMethodAccessorImpl.java:62)
	at java.base/jdk.internal.reflect.DelegatingMethodAccessorImpl.invoke(DelegatingMethodAccessorImpl.java:43)
	at java.base/java.lang.reflect.Method.invoke(Method.java:566)
	at org.testng.internal.MethodInvocationHelper.invokeMethod(MethodInvocationHelper.java:104)
	at org.testng.internal.Invoker.invokeConfigurationMethod(Invoker.java:515)
	at org.testng.internal.Invoker.invokeConfigurations(Invoker.java:217)
	at org.testng.internal.Invoker.invokeMethod(Invoker.java:712)
	at org.testng.internal.Invoker.invokeTestMethod(Invoker.java:851)
	at org.testng.internal.TestMethodWithDataProviderMethodWorker.call(TestMethodWithDataProviderMethodWorker.java:75)
	at org.testng.internal.TestMethodWithDataProviderMethodWorker.call(TestMethodWithDataProviderMethodWorker.java:14)
	at java.base/java.util.concurrent.FutureTask.run(FutureTask.java:264)
	at java.base/java.util.concurrent.Executors$RunnableAdapter.call(Executors.java:515)
	at java.base/java.util.concurrent.FutureTask.run(FutureTask.java:264)
	at java.base/java.util.concurrent.ThreadPoolExecutor.runWorker(ThreadPoolExecutor.java:1128)
	at java.base/java.util.concurrent.ThreadPoolExecutor$Worker.run(ThreadPoolExecutor.java:628)
	at java.base/java.lang.Thread.run(Thread.java:834)


</system-err>
  </testcase>
  <testcase classname="com.saucelabs.example.TestSetup" name="AndroidAddFunctionDemo" time="64.128"/>
  <testcase classname="com.saucelabs.example.TestSetup" name="AndroidAddFunctionDemo" time="64.128"/>
  <testcase classname="com.saucelabs.example.TestSetup" name="tearDown" time="64.129">
    <skipped/>
  </testcase>
  <testcase classname="com.saucelabs.example.TestSetup" name="tearDown" time="64.129">
    <skipped/>
  </testcase>
</testsuite>